#
# There is insufficient memory for the Java Runtime Environment to continue.
# Native memory allocation (malloc) failed to allocate 941696 bytes for Chunk::new
# Possible reasons:
#   The system is out of physical RAM or swap space
#   The process is running with CompressedOops enabled, and the Java Heap may be blocking the growth of the native heap
# Possible solutions:
#   Reduce memory load on the system
#   Increase physical memory or swap space
#   Check if swap backing store is full
#   Decrease Java heap size (-Xmx/-Xms)
#   Decrease number of Java threads
#   Decrease Java thread stack sizes (-Xss)
#   Set larger code cache with -XX:ReservedCodeCacheSize=
#   JVM is running with Unscaled Compressed Oops mode in which the Java heap is
#     placed in the first 4GB address space. The Java Heap base address is the
#     maximum limit for the native heap growth. Please use -XX:HeapBaseMinAddress
#     to set the Java Heap base and to place the Java Heap above 4GB virtual address.
# This output file may be truncated or incomplete.
#
#  Out of Memory Error (allocation.cpp:389), pid=12076, tid=0x0000000000004de0
#
# JRE version: Java(TM) SE Runtime Environment (8.0_281-b09) (build 1.8.0_281-b09)
# Java VM: Java HotSpot(TM) 64-Bit Server VM (25.281-b09 mixed mode windows-amd64 compressed oops)
# Failed to write core dump. Minidumps are not enabled by default on client versions of Windows
#

---------------  T H R E A D  ---------------

Current thread (0x0000014575173000):  JavaThread "C2 CompilerThread2" daemon [_thread_in_native, id=19936, stack(0x0000001779000000,0x0000001779100000)]

Stack: [0x0000001779000000,0x0000001779100000]
Native frames: (J=compiled Java code, j=interpreted, Vv=VM code, C=native code)
V  [jvm.dll+0x32e5b9]
V  [jvm.dll+0x275012]
V  [jvm.dll+0x275cbd]
V  [jvm.dll+0x26c6f5]
V  [jvm.dll+0xd51fc]
V  [jvm.dll+0xd59fc]
V  [jvm.dll+0x4523f2]
V  [jvm.dll+0x48d85d]
V  [jvm.dll+0x441e7e]
V  [jvm.dll+0x43f664]
V  [jvm.dll+0x42a5e7]
V  [jvm.dll+0xabe9b]
V  [jvm.dll+0xaa4fb]
V  [jvm.dll+0x23d6b2]
V  [jvm.dll+0x291cbc]
C  [ucrtbase.dll+0x21bb2]
C  [KERNEL32.DLL+0x17034]
C  [ntdll.dll+0x52651]


Current CompileTask:
C2:  18119 4477   !   4       com.sun.beans.TypeResolver::resolve (274 bytes)


---------------  P R O C E S S  ---------------

Java Threads: ( => current thread )
  0x000001457849f800 JavaThread "Cache worker for Build Output Cleanup Cache (E:\KLTN\mobile_app\TheCoffeeShopMobile\android\.gradle\buildOutputCleanup)" [_thread_blocked, id=18252, stack(0x000000177af00000,0x000000177b000000)]
  0x00000145784a2800 JavaThread "pool-1-thread-1" [_thread_blocked, id=13292, stack(0x000000177ae00000,0x000000177af00000)]
  0x000001457849e800 JavaThread "Build operations Thread 8" [_thread_blocked, id=18076, stack(0x000000177ad00000,0x000000177ae00000)]
  0x0000014578497000 JavaThread "Build operations Thread 7" [_thread_blocked, id=4908, stack(0x000000177ac00000,0x000000177ad00000)]
  0x000001457849e000 JavaThread "Build operations Thread 6" [_thread_blocked, id=3768, stack(0x000000177ab00000,0x000000177ac00000)]
  0x000001457849d000 JavaThread "Build operations Thread 5" [_thread_blocked, id=20504, stack(0x000000177aa00000,0x000000177ab00000)]
  0x0000014578495800 JavaThread "Build operations Thread 4" [_thread_blocked, id=752, stack(0x000000177a900000,0x000000177aa00000)]
  0x000001457849c800 JavaThread "Build operations Thread 3" [_thread_blocked, id=11012, stack(0x000000177a800000,0x000000177a900000)]
  0x000001457849b800 JavaThread "Build operations Thread 2" [_thread_blocked, id=4504, stack(0x000000177a700000,0x000000177a800000)]
  0x0000014578494000 JavaThread "Build operations" [_thread_blocked, id=4480, stack(0x000000177a600000,0x000000177a700000)]
  0x0000014578499800 JavaThread "Cache worker for execution history cache (C:\Users\Tho Xao Dien\.gradle\caches\6.2\executionHistory)" [_thread_blocked, id=19976, stack(0x000000177a500000,0x000000177a600000)]
  0x0000014575170800 JavaThread "Cache worker for cache directory md-rule (C:\Users\Tho Xao Dien\.gradle\caches\6.2\md-rule)" [_thread_blocked, id=9552, stack(0x000000177a400000,0x000000177a500000)]
  0x0000014575171800 JavaThread "Cache worker for cache directory md-supplier (C:\Users\Tho Xao Dien\.gradle\caches\6.2\md-supplier)" [_thread_blocked, id=20824, stack(0x000000177a300000,0x000000177a400000)]
  0x000001457516e800 JavaThread "Cache worker for file hash cache (E:\KLTN\mobile_app\TheCoffeeShopMobile\android\.gradle\6.2\fileHashes)" [_thread_blocked, id=13360, stack(0x000000177a200000,0x000000177a300000)]
  0x0000014575170000 JavaThread "Cache worker for checksums cache (E:\KLTN\mobile_app\TheCoffeeShopMobile\android\.gradle\checksums)" [_thread_blocked, id=16372, stack(0x000000177a100000,0x000000177a200000)]
  0x000001457516f000 JavaThread "Cache worker for file hash cache (C:\Users\Tho Xao Dien\.gradle\caches\6.2\fileHashes)" [_thread_blocked, id=16216, stack(0x000000177a000000,0x000000177a100000)]
  0x000001457516d800 JavaThread "File lock request listener" [_thread_in_native, id=6072, stack(0x0000001779f00000,0x000000177a000000)]
  0x000001457516d000 JavaThread "Cache worker for journal cache (C:\Users\Tho Xao Dien\.gradle\caches\journal-1)" [_thread_blocked, id=16404, stack(0x0000001779e00000,0x0000001779f00000)]
  0x0000014578dfa800 JavaThread "Thread-9" [_thread_blocked, id=18712, stack(0x0000001779d00000,0x0000001779e00000)]
  0x0000014578df8800 JavaThread "Stdin handler" [_thread_blocked, id=12252, stack(0x0000001779c00000,0x0000001779d00000)]
  0x0000014578df8000 JavaThread "Asynchronous log dispatcher for DefaultDaemonConnection: socket connection from /127.0.0.1:55512 to /127.0.0.1:55513" [_thread_blocked, id=13396, stack(0x0000001779b00000,0x0000001779c00000)]
  0x0000014578dc7000 JavaThread "Daemon worker" [_thread_in_Java, id=13184, stack(0x0000001779a00000,0x0000001779b00000)]
  0x0000014578dbf000 JavaThread "Cancel handler" [_thread_blocked, id=17888, stack(0x0000001779900000,0x0000001779a00000)]
  0x0000014578d38800 JavaThread "Handler for socket connection from /127.0.0.1:55512 to /127.0.0.1:55513" [_thread_in_native, id=18168, stack(0x0000001779800000,0x0000001779900000)]
  0x0000014578d68800 JavaThread "Daemon" [_thread_blocked, id=12276, stack(0x0000001779700000,0x0000001779800000)]
  0x0000014578daf800 JavaThread "Daemon periodic checks" [_thread_blocked, id=16716, stack(0x0000001779600000,0x0000001779700000)]
  0x0000014578d54800 JavaThread "Incoming local TCP Connector on port 55512" [_thread_in_native, id=20488, stack(0x0000001779500000,0x0000001779600000)]
  0x0000014578c44800 JavaThread "Daemon health stats" [_thread_blocked, id=2044, stack(0x0000001779400000,0x0000001779500000)]
  0x00000145751de800 JavaThread "Service Thread" daemon [_thread_blocked, id=21412, stack(0x0000001779200000,0x0000001779300000)]
  0x0000014575172000 JavaThread "C1 CompilerThread3" daemon [_thread_in_native, id=19004, stack(0x0000001779100000,0x0000001779200000)]
=>0x0000014575173000 JavaThread "C2 CompilerThread2" daemon [_thread_in_native, id=19936, stack(0x0000001779000000,0x0000001779100000)]
  0x0000014575167800 JavaThread "C2 CompilerThread1" daemon [_thread_in_native, id=15540, stack(0x0000001778f00000,0x0000001779000000)]
  0x0000014575166000 JavaThread "C2 CompilerThread0" daemon [_thread_in_native, id=9896, stack(0x0000001778e00000,0x0000001778f00000)]
  0x000001457515b000 JavaThread "Attach Listener" daemon [_thread_blocked, id=9236, stack(0x0000001778d00000,0x0000001778e00000)]
  0x0000014575159000 JavaThread "Signal Dispatcher" daemon [_thread_blocked, id=14356, stack(0x0000001778c00000,0x0000001778d00000)]
  0x0000014575135000 JavaThread "Finalizer" daemon [_thread_blocked, id=19876, stack(0x0000001778b00000,0x0000001778c00000)]
  0x000001457512e000 JavaThread "Reference Handler" daemon [_thread_blocked, id=10688, stack(0x0000001778a00000,0x0000001778b00000)]
  0x00000145627a8800 JavaThread "main" [_thread_blocked, id=7888, stack(0x0000001778000000,0x0000001778100000)]

Other Threads:
  0x0000014575104800 VMThread [stack: 0x0000001778900000,0x0000001778a00000] [id=1040]
  0x0000014576fff800 WatcherThread [stack: 0x0000001779300000,0x0000001779400000] [id=17208]

VM state:not at safepoint (normal execution)

VM Mutex/Monitor currently owned by a thread:  ([mutex/lock_event])
[0x00000145627a1a80] Compile_lock - owner thread: 0x0000014575172000
[0x00000145627a2780] MethodCompileQueue_lock - owner thread: 0x0000014575172000

heap address: 0x00000000e0000000, size: 512 MB, Compressed Oops mode: 32-bit
Narrow klass base: 0x0000000000000000, Narrow klass shift: 3
Compressed class space size: 1073741824 Address: 0x0000000100000000

Heap:
 PSYoungGen      total 158720K, used 86137K [0x00000000f5580000, 0x0000000100000000, 0x0000000100000000)
  eden space 145920K, 50% used [0x00000000f5580000,0x00000000f9d2a318,0x00000000fe400000)
  from space 12800K, 99% used [0x00000000ff380000,0x00000000ffff44c8,0x0000000100000000)
  to   space 14336K, 0% used [0x00000000fe400000,0x00000000fe400000,0x00000000ff200000)
 ParOldGen       total 175104K, used 17075K [0x00000000e0000000, 0x00000000eab00000, 0x00000000f5580000)
  object space 175104K, 9% used [0x00000000e0000000,0x00000000e10acfe0,0x00000000eab00000)
 Metaspace       used 47938K, capacity 49856K, committed 50176K, reserved 1091584K
  class space    used 6610K, capacity 7069K, committed 7168K, reserved 1048576K

Card table byte_map: [0x00000145734d0000,0x00000145735e0000] byte_map_base: 0x0000014572dd0000

Marking Bits: (ParMarkBitMap*) 0x0000000053416ff0
 Begin Bits: [0x00000145735e0000, 0x0000014573de0000)
 End Bits:   [0x0000014573de0000, 0x00000145745e0000)

Polling page: 0x0000014562750000

CodeCache: size=245760Kb used=14277Kb max_used=14277Kb free=231482Kb
 bounds [0x0000014564110000, 0x0000014564f10000, 0x0000014573110000]
 total_blobs=4903 nmethods=4125 adapters=689
 compilation: enabled

Compilation events (10 events):
Event: 17.951 Thread 0x0000014575172000 4538       3       org.apache.commons.io.FilenameUtils::doNormalize (534 bytes)
Event: 17.954 Thread 0x0000014575172000 nmethod 4538 0x0000014564ef7910 code [0x0000014564ef7be0, 0x0000014564ef9240]
Event: 17.964 Thread 0x0000014575172000 4539       3       org.codehaus.groovy.runtime.callsite.AbstractCallSite::<init> (20 bytes)
Event: 17.964 Thread 0x0000014575172000 nmethod 4539 0x0000014564eeb210 code [0x0000014564eeb360, 0x0000014564eeb538]
Event: 17.971 Thread 0x0000014575172000 4540       3       groovy.lang.MetaClassImpl::addMetaMethodToIndex (65 bytes)
Event: 17.971 Thread 0x0000014575172000 nmethod 4540 0x0000014564ef9ad0 code [0x0000014564ef9c80, 0x0000014564efa120]
Event: 17.971 Thread 0x0000014575172000 4541       3       groovy.lang.MetaClassImpl::checkIfStdMethod (178 bytes)
Event: 17.973 Thread 0x0000014575172000 nmethod 4541 0x0000014564efa390 code [0x0000014564efa660, 0x0000014564efbbf0]
Event: 17.977 Thread 0x0000014575172000 4543       3       groovy.lang.MetaClassImpl::packageLocal (39 bytes)
Event: 17.978 Thread 0x0000014575172000 nmethod 4543 0x0000014564efc290 code [0x0000014564efc420, 0x0000014564efc950]

GC Heap History (10 events):
Event: 5.402 GC heap before
{Heap before GC invocations=6 (full 1):
 PSYoungGen      total 76288K, used 65536K [0x00000000f5580000, 0x00000000fea80000, 0x0000000100000000)
  eden space 65536K, 100% used [0x00000000f5580000,0x00000000f9580000,0x00000000f9580000)
  from space 10752K, 0% used [0x00000000fa000000,0x00000000fa000000,0x00000000faa80000)
  to   space 10752K, 0% used [0x00000000f9580000,0x00000000f9580000,0x00000000fa000000)
 ParOldGen       total 175104K, used 7194K [0x00000000e0000000, 0x00000000eab00000, 0x00000000f5580000)
  object space 175104K, 4% used [0x00000000e0000000,0x00000000e0706ba8,0x00000000eab00000)
 Metaspace       used 29166K, capacity 29842K, committed 30080K, reserved 1075200K
  class space    used 3981K, capacity 4195K, committed 4224K, reserved 1048576K
Event: 5.422 GC heap after
Heap after GC invocations=6 (full 1):
 PSYoungGen      total 76288K, used 8494K [0x00000000f5580000, 0x00000000fd880000, 0x0000000100000000)
  eden space 65536K, 0% used [0x00000000f5580000,0x00000000f5580000,0x00000000f9580000)
  from space 10752K, 79% used [0x00000000f9580000,0x00000000f9dcb910,0x00000000fa000000)
  to   space 12288K, 0% used [0x00000000fcc80000,0x00000000fcc80000,0x00000000fd880000)
 ParOldGen       total 175104K, used 7202K [0x00000000e0000000, 0x00000000eab00000, 0x00000000f5580000)
  object space 175104K, 4% used [0x00000000e0000000,0x00000000e0708ba8,0x00000000eab00000)
 Metaspace       used 29166K, capacity 29842K, committed 30080K, reserved 1075200K
  class space    used 3981K, capacity 4195K, committed 4224K, reserved 1048576K
}
Event: 11.267 GC heap before
{Heap before GC invocations=7 (full 1):
 PSYoungGen      total 76288K, used 74030K [0x00000000f5580000, 0x00000000fd880000, 0x0000000100000000)
  eden space 65536K, 100% used [0x00000000f5580000,0x00000000f9580000,0x00000000f9580000)
  from space 10752K, 79% used [0x00000000f9580000,0x00000000f9dcb910,0x00000000fa000000)
  to   space 12288K, 0% used [0x00000000fcc80000,0x00000000fcc80000,0x00000000fd880000)
 ParOldGen       total 175104K, used 7202K [0x00000000e0000000, 0x00000000eab00000, 0x00000000f5580000)
  object space 175104K, 4% used [0x00000000e0000000,0x00000000e0708ba8,0x00000000eab00000)
 Metaspace       used 32204K, capacity 33052K, committed 33152K, reserved 1077248K
  class space    used 4492K, capacity 4717K, committed 4736K, reserved 1048576K
Event: 11.283 GC heap after
Heap after GC invocations=7 (full 1):
 PSYoungGen      total 116224K, used 10215K [0x00000000f5580000, 0x00000000fd680000, 0x0000000100000000)
  eden space 105984K, 0% used [0x00000000f5580000,0x00000000f5580000,0x00000000fbd00000)
  from space 10240K, 99% used [0x00000000fcc80000,0x00000000fd679c18,0x00000000fd680000)
  to   space 12288K, 0% used [0x00000000fbe80000,0x00000000fbe80000,0x00000000fca80000)
 ParOldGen       total 175104K, used 7210K [0x00000000e0000000, 0x00000000eab00000, 0x00000000f5580000)
  object space 175104K, 4% used [0x00000000e0000000,0x00000000e070aba8,0x00000000eab00000)
 Metaspace       used 32204K, capacity 33052K, committed 33152K, reserved 1077248K
  class space    used 4492K, capacity 4717K, committed 4736K, reserved 1048576K
}
Event: 11.940 GC heap before
{Heap before GC invocations=8 (full 1):
 PSYoungGen      total 116224K, used 55443K [0x00000000f5580000, 0x00000000fd680000, 0x0000000100000000)
  eden space 105984K, 42% used [0x00000000f5580000,0x00000000f81ab0e8,0x00000000fbd00000)
  from space 10240K, 99% used [0x00000000fcc80000,0x00000000fd679c18,0x00000000fd680000)
  to   space 12288K, 0% used [0x00000000fbe80000,0x00000000fbe80000,0x00000000fca80000)
 ParOldGen       total 175104K, used 7210K [0x00000000e0000000, 0x00000000eab00000, 0x00000000f5580000)
  object space 175104K, 4% used [0x00000000e0000000,0x00000000e070aba8,0x00000000eab00000)
 Metaspace       used 34306K, capacity 35328K, committed 35456K, reserved 1079296K
  class space    used 4822K, capacity 5121K, committed 5248K, reserved 1048576K
Event: 11.952 GC heap after
Heap after GC invocations=8 (full 1):
 PSYoungGen      total 119808K, used 10784K [0x00000000f5580000, 0x0000000100000000, 0x0000000100000000)
  eden space 107520K, 0% used [0x00000000f5580000,0x00000000f5580000,0x00000000fbe80000)
  from space 12288K, 87% used [0x00000000fbe80000,0x00000000fc9080d0,0x00000000fca80000)
  to   space 12800K, 0% used [0x00000000ff380000,0x00000000ff380000,0x0000000100000000)
 ParOldGen       total 175104K, used 7218K [0x00000000e0000000, 0x00000000eab00000, 0x00000000f5580000)
  object space 175104K, 4% used [0x00000000e0000000,0x00000000e070cba8,0x00000000eab00000)
 Metaspace       used 34306K, capacity 35328K, committed 35456K, reserved 1079296K
  class space    used 4822K, capacity 5121K, committed 5248K, reserved 1048576K
}
Event: 11.952 GC heap before
{Heap before GC invocations=9 (full 2):
 PSYoungGen      total 119808K, used 10784K [0x00000000f5580000, 0x0000000100000000, 0x0000000100000000)
  eden space 107520K, 0% used [0x00000000f5580000,0x00000000f5580000,0x00000000fbe80000)
  from space 12288K, 87% used [0x00000000fbe80000,0x00000000fc9080d0,0x00000000fca80000)
  to   space 12800K, 0% used [0x00000000ff380000,0x00000000ff380000,0x0000000100000000)
 ParOldGen       total 175104K, used 7218K [0x00000000e0000000, 0x00000000eab00000, 0x00000000f5580000)
  object space 175104K, 4% used [0x00000000e0000000,0x00000000e070cba8,0x00000000eab00000)
 Metaspace       used 34306K, capacity 35328K, committed 35456K, reserved 1079296K
  class space    used 4822K, capacity 5121K, committed 5248K, reserved 1048576K
Event: 12.023 GC heap after
Heap after GC invocations=9 (full 2):
 PSYoungGen      total 119808K, used 0K [0x00000000f5580000, 0x0000000100000000, 0x0000000100000000)
  eden space 107520K, 0% used [0x00000000f5580000,0x00000000f5580000,0x00000000fbe80000)
  from space 12288K, 0% used [0x00000000fbe80000,0x00000000fbe80000,0x00000000fca80000)
  to   space 12800K, 0% used [0x00000000ff380000,0x00000000ff380000,0x0000000100000000)
 ParOldGen       total 175104K, used 17067K [0x00000000e0000000, 0x00000000eab00000, 0x00000000f5580000)
  object space 175104K, 9% used [0x00000000e0000000,0x00000000e10aafe0,0x00000000eab00000)
 Metaspace       used 34306K, capacity 35328K, committed 35456K, reserved 1079296K
  class space    used 4822K, capacity 5121K, committed 5248K, reserved 1048576K
}
Event: 16.196 GC heap before
{Heap before GC invocations=10 (full 2):
 PSYoungGen      total 119808K, used 107520K [0x00000000f5580000, 0x0000000100000000, 0x0000000100000000)
  eden space 107520K, 100% used [0x00000000f5580000,0x00000000fbe80000,0x00000000fbe80000)
  from space 12288K, 0% used [0x00000000fbe80000,0x00000000fbe80000,0x00000000fca80000)
  to   space 12800K, 0% used [0x00000000ff380000,0x00000000ff380000,0x0000000100000000)
 ParOldGen       total 175104K, used 17067K [0x00000000e0000000, 0x00000000eab00000, 0x00000000f5580000)
  object space 175104K, 9% used [0x00000000e0000000,0x00000000e10aafe0,0x00000000eab00000)
 Metaspace       used 43643K, capacity 45474K, committed 45696K, reserved 1089536K
  class space    used 6049K, capacity 6476K, committed 6528K, reserved 1048576K
Event: 16.213 GC heap after
Heap after GC invocations=10 (full 2):
 PSYoungGen      total 158720K, used 12753K [0x00000000f5580000, 0x0000000100000000, 0x0000000100000000)
  eden space 145920K, 0% used [0x00000000f5580000,0x00000000f5580000,0x00000000fe400000)
  from space 12800K, 99% used [0x00000000ff380000,0x00000000ffff44c8,0x0000000100000000)
  to   space 14336K, 0% used [0x00000000fe400000,0x00000000fe400000,0x00000000ff200000)
 ParOldGen       total 175104K, used 17075K [0x00000000e0000000, 0x00000000eab00000, 0x00000000f5580000)
  object space 175104K, 9% used [0x00000000e0000000,0x00000000e10acfe0,0x00000000eab00000)
 Metaspace       used 43643K, capacity 45474K, committed 45696K, reserved 1089536K
  class space    used 6049K, capacity 6476K, committed 6528K, reserved 1048576K
}

Deoptimization events (10 events):
Event: 17.350 Thread 0x0000014578dc7000 Uncommon trap: reason=unstable_if action=reinterpret pc=0x0000014564c2e9f0 method=org.gradle.internal.reflect.PropertyAccessorType.of(Ljava/lang/reflect/Method;)Lorg/gradle/internal/reflect/PropertyAccessorType; @ 56
Event: 17.813 Thread 0x0000014578dc7000 Uncommon trap: reason=bimorphic action=maybe_recompile pc=0x0000014564d9a530 method=java.util.Hashtable.get(Ljava/lang/Object;)Ljava/lang/Object; @ 6
Event: 17.814 Thread 0x0000014578dc7000 Uncommon trap: reason=bimorphic action=maybe_recompile pc=0x0000014564d9a530 method=java.util.Hashtable.get(Ljava/lang/Object;)Ljava/lang/Object; @ 6
Event: 17.814 Thread 0x0000014578dc7000 Uncommon trap: reason=bimorphic action=maybe_recompile pc=0x0000014564d9a530 method=java.util.Hashtable.get(Ljava/lang/Object;)Ljava/lang/Object; @ 6
Event: 17.814 Thread 0x0000014578dc7000 Uncommon trap: reason=bimorphic action=maybe_recompile pc=0x0000014564d9a530 method=java.util.Hashtable.get(Ljava/lang/Object;)Ljava/lang/Object; @ 6
Event: 17.882 Thread 0x0000014578dc7000 Uncommon trap: reason=unstable_if action=reinterpret pc=0x00000145642fb5a4 method=java.lang.String.replace(CC)Ljava/lang/String; @ 2
Event: 17.889 Thread 0x0000014578dc7000 Uncommon trap: reason=unstable_if action=reinterpret pc=0x0000014564c3dcbc method=groovy.lang.MetaClassImpl.checkIfStdMethod(Lgroovy/lang/MetaMethod;)V @ 55
Event: 17.889 Thread 0x0000014578dc7000 Uncommon trap: reason=unstable_if action=reinterpret pc=0x0000014564bf7104 method=groovy.lang.MetaClassImpl.checkIfStdMethod(Lgroovy/lang/MetaMethod;)V @ 55
Event: 17.890 Thread 0x0000014578dc7000 Uncommon trap: reason=unstable_if action=reinterpret pc=0x0000014564ec077c method=org.codehaus.groovy.runtime.metaclass.MetaMethodIndex.copyNonPrivateNonNewMetaMethods(Lorg/codehaus/groovy/runtime/metaclass/MetaMethodIndex$Entry;Lorg/codehaus/groovy/runti
Event: 17.890 Thread 0x0000014578dc7000 Uncommon trap: reason=unstable_if action=reinterpret pc=0x0000014564c0b764 method=groovy.lang.MetaClassImpl$1MOPIter.methodNameAction(Ljava/lang/Class;Lorg/codehaus/groovy/runtime/metaclass/MetaMethodIndex$Entry;)V @ 182

Classes redefined (0 events):
No events

Internal exceptions (10 events):
Event: 17.896 Thread 0x0000014578dc7000 Exception <a 'java/lang/ClassNotFoundException': org/gradle/api/AntBuilderBeanInfo> (0x00000000f956fb48) thrown at [C:\jenkins\workspace\8-2-build-windows-amd64-cygwin\jdk8u281\880\hotspot\src\share\vm\classfile\systemDictionary.cpp, line 212]
Event: 17.898 Thread 0x0000014578dc7000 Exception <a 'java/lang/ClassNotFoundException': groovy/util/AntBuilderBeanInfo> (0x00000000f9596988) thrown at [C:\jenkins\workspace\8-2-build-windows-amd64-cygwin\jdk8u281\880\hotspot\src\share\vm\classfile\systemDictionary.cpp, line 212]
Event: 17.899 Thread 0x0000014578dc7000 Exception <a 'java/lang/ClassNotFoundException': groovy/util/BuilderSupportBeanInfo> (0x00000000f95bef90) thrown at [C:\jenkins\workspace\8-2-build-windows-amd64-cygwin\jdk8u281\880\hotspot\src\share\vm\classfile\systemDictionary.cpp, line 212]
Event: 17.901 Thread 0x0000014578dc7000 Exception <a 'java/lang/ClassNotFoundException': groovy/util/BuilderSupportCustomizer> (0x00000000f95e9880) thrown at [C:\jenkins\workspace\8-2-build-windows-amd64-cygwin\jdk8u281\880\hotspot\src\share\vm\classfile\systemDictionary.cpp, line 212]
Event: 17.903 Thread 0x0000014578dc7000 Exception <a 'java/lang/ClassNotFoundException': groovy/util/AntBuilderCustomizer> (0x00000000f96148d8) thrown at [C:\jenkins\workspace\8-2-build-windows-amd64-cygwin\jdk8u281\880\hotspot\src\share\vm\classfile\systemDictionary.cpp, line 212]
Event: 17.905 Thread 0x0000014578dc7000 Exception <a 'java/lang/ClassNotFoundException': org/gradle/api/AntBuilderCustomizer> (0x00000000f9644e08) thrown at [C:\jenkins\workspace\8-2-build-windows-amd64-cygwin\jdk8u281\880\hotspot\src\share\vm\classfile\systemDictionary.cpp, line 212]
Event: 17.908 Thread 0x0000014578dc7000 Exception <a 'java/lang/ClassNotFoundException': org/gradle/api/internal/project/ant/BasicAntBuilderCustomizer> (0x00000000f9689f38) thrown at [C:\jenkins\workspace\8-2-build-windows-amd64-cygwin\jdk8u281\880\hotspot\src\share\vm\classfile\systemDictionar
Event: 17.911 Thread 0x0000014578dc7000 Exception <a 'java/lang/ClassNotFoundException': org/gradle/api/internal/project/DefaultAntBuilderCustomizer> (0x00000000f96d65a8) thrown at [C:\jenkins\workspace\8-2-build-windows-amd64-cygwin\jdk8u281\880\hotspot\src\share\vm\classfile\systemDictionary.
Event: 17.975 Thread 0x0000014578dc7000 Exception <a 'java/lang/ClassNotFoundException': org/gradle/configuration/internal/DefaultListenerBuildOperationDecorator$BuildOperationEmittingClosureBeanInfo> (0x00000000f9877a48) thrown at [C:\jenkins\workspace\8-2-build-windows-amd64-cygwin\jdk8u281\8
Event: 17.976 Thread 0x0000014578dc7000 Exception <a 'java/lang/ClassNotFoundException': org/gradle/configuration/internal/DefaultListenerBuildOperationDecorator$BuildOperationEmittingClosureCustomizer> (0x00000000f98c83b0) thrown at [C:\jenkins\workspace\8-2-build-windows-amd64-cygwin\jdk8u281

Events (10 events):
Event: 17.974 loading class org/gradle/configuration/internal/DefaultListenerBuildOperationDecorator$BuildOperationEmittingClosureBeanInfo
Event: 17.975 loading class org/gradle/configuration/internal/DefaultListenerBuildOperationDecorator$BuildOperationEmittingClosureBeanInfo done
Event: 17.975 loading class org/gradle/configuration/internal/DefaultListenerBuildOperationDecorator$BuildOperationEmittingClosureCustomizer
Event: 17.975 loading class org/gradle/configuration/internal/DefaultListenerBuildOperationDecorator$BuildOperationEmittingClosureCustomizer done
Event: 17.975 loading class org/gradle/configuration/internal/DefaultListenerBuildOperationDecorator$BuildOperationEmittingClosureCustomizer
Event: 17.975 loading class org/gradle/configuration/internal/DefaultListenerBuildOperationDecorator$BuildOperationEmittingClosureCustomizer done
Event: 17.975 loading class org/gradle/configuration/internal/DefaultListenerBuildOperationDecorator$BuildOperationEmittingClosureCustomizer
Event: 17.975 loading class org/gradle/configuration/internal/DefaultListenerBuildOperationDecorator$BuildOperationEmittingClosureCustomizer done
Event: 17.976 loading class org/gradle/configuration/internal/DefaultListenerBuildOperationDecorator$BuildOperationEmittingClosureCustomizer
Event: 17.976 loading class org/gradle/configuration/internal/DefaultListenerBuildOperationDecorator$BuildOperationEmittingClosureCustomizer done


Dynamic libraries:
0x00007ff7f10d0000 - 0x00007ff7f1117000 	C:\Program Files\Java\jdk\bin\java.exe
0x00007ff8cfdb0000 - 0x00007ff8cffa5000 	C:\Windows\SYSTEM32\ntdll.dll
0x00007ff8cdef0000 - 0x00007ff8cdfad000 	C:\Windows\System32\KERNEL32.DLL
0x00007ff8cd550000 - 0x00007ff8cd818000 	C:\Windows\System32\KERNELBASE.dll
0x00007ff8cee80000 - 0x00007ff8cef2c000 	C:\Windows\System32\ADVAPI32.dll
0x00007ff8cf800000 - 0x00007ff8cf89e000 	C:\Windows\System32\msvcrt.dll
0x00007ff8cf6f0000 - 0x00007ff8cf78b000 	C:\Windows\System32\sechost.dll
0x00007ff8cf950000 - 0x00007ff8cfa7b000 	C:\Windows\System32\RPCRT4.dll
0x00007ff8cf520000 - 0x00007ff8cf6c0000 	C:\Windows\System32\USER32.dll
0x00007ff8cd4f0000 - 0x00007ff8cd512000 	C:\Windows\System32\win32u.dll
0x00007ff8cf020000 - 0x00007ff8cf04a000 	C:\Windows\System32\GDI32.dll
0x00007ff8cdd00000 - 0x00007ff8cde0b000 	C:\Windows\System32\gdi32full.dll
0x00007ff8cda30000 - 0x00007ff8cdacd000 	C:\Windows\System32\msvcp_win.dll
0x00007ff8cd880000 - 0x00007ff8cd980000 	C:\Windows\System32\ucrtbase.dll
0x00007ff8b6650000 - 0x00007ff8b68ea000 	C:\Windows\WinSxS\amd64_microsoft.windows.common-controls_6595b64144ccf1df_6.0.19041.844_none_ca00b6081b84eb1d\COMCTL32.dll
0x00007ff8cf6c0000 - 0x00007ff8cf6f0000 	C:\Windows\System32\IMM32.DLL
0x00007ff8b9cd0000 - 0x00007ff8b9ce5000 	C:\Program Files\Java\jdk\jre\bin\vcruntime140.dll
0x00007ff87fb30000 - 0x00007ff87fbcb000 	C:\Program Files\Java\jdk\jre\bin\msvcp140.dll
0x0000000052c30000 - 0x000000005348f000 	C:\Program Files\Java\jdk\jre\bin\server\jvm.dll
0x00007ff8cf7f0000 - 0x00007ff8cf7f8000 	C:\Windows\System32\PSAPI.DLL
0x00007ff8c75b0000 - 0x00007ff8c75ba000 	C:\Windows\SYSTEM32\VERSION.dll
0x00007ff8c8090000 - 0x00007ff8c8099000 	C:\Windows\SYSTEM32\WSOCK32.dll
0x00007ff8b6de0000 - 0x00007ff8b6e07000 	C:\Windows\SYSTEM32\WINMM.dll
0x00007ff8ced80000 - 0x00007ff8cedeb000 	C:\Windows\System32\WS2_32.dll
0x00007ff8cbe10000 - 0x00007ff8cbe22000 	C:\Windows\SYSTEM32\kernel.appcore.dll
0x00007ff8c7860000 - 0x00007ff8c7870000 	C:\Program Files\Java\jdk\jre\bin\verify.dll
0x00007ff8b96b0000 - 0x00007ff8b96db000 	C:\Program Files\Java\jdk\jre\bin\java.dll
0x00007ff8b9690000 - 0x00007ff8b96a8000 	C:\Program Files\Java\jdk\jre\bin\zip.dll
0x00007ff8ce450000 - 0x00007ff8ceb92000 	C:\Windows\System32\SHELL32.dll
0x00007ff8cb610000 - 0x00007ff8cbda1000 	C:\Windows\SYSTEM32\windows.storage.dll
0x00007ff8ce0f0000 - 0x00007ff8ce445000 	C:\Windows\System32\combase.dll
0x00007ff8cce90000 - 0x00007ff8ccebc000 	C:\Windows\SYSTEM32\Wldp.dll
0x00007ff8cecd0000 - 0x00007ff8ced7e000 	C:\Windows\System32\SHCORE.dll
0x00007ff8cec70000 - 0x00007ff8cecc5000 	C:\Windows\System32\shlwapi.dll
0x00007ff8cd430000 - 0x00007ff8cd44f000 	C:\Windows\SYSTEM32\profapi.dll
0x00007ff8b9670000 - 0x00007ff8b968c000 	C:\Program Files\Java\jdk\jre\bin\net.dll
0x00007ff8ccc00000 - 0x00007ff8ccc6a000 	C:\Windows\system32\mswsock.dll
0x00007ff8a27f0000 - 0x00007ff8a2803000 	C:\Program Files\Java\jdk\jre\bin\nio.dll
0x00007ff895050000 - 0x00007ff89507a000 	C:\Users\Tho Xao Dien\.gradle\native\36\windows-amd64\native-platform.dll
0x00007ff8ac680000 - 0x00007ff8ac68d000 	C:\Program Files\Java\jdk\jre\bin\management.dll
0x00007ff8ccde0000 - 0x00007ff8ccdf8000 	C:\Windows\SYSTEM32\CRYPTSP.dll
0x00007ff8cc5a0000 - 0x00007ff8cc5d4000 	C:\Windows\system32\rsaenh.dll
0x00007ff8cd520000 - 0x00007ff8cd547000 	C:\Windows\System32\bcrypt.dll
0x00007ff8cd3f0000 - 0x00007ff8cd41e000 	C:\Windows\SYSTEM32\USERENV.dll
0x00007ff8cdad0000 - 0x00007ff8cdb50000 	C:\Windows\System32\bcryptprimitives.dll
0x00007ff8ccdd0000 - 0x00007ff8ccddc000 	C:\Windows\SYSTEM32\CRYPTBASE.dll
0x00007ff8cc8f0000 - 0x00007ff8cc92b000 	C:\Windows\SYSTEM32\IPHLPAPI.DLL
0x00007ff8ce0e0000 - 0x00007ff8ce0e8000 	C:\Windows\System32\NSI.dll
0x00007ff8cab00000 - 0x00007ff8cab17000 	C:\Windows\SYSTEM32\dhcpcsvc6.DLL
0x00007ff8caae0000 - 0x00007ff8caafd000 	C:\Windows\SYSTEM32\dhcpcsvc.DLL
0x00007ff8cc930000 - 0x00007ff8cc9fc000 	C:\Windows\SYSTEM32\DNSAPI.dll
0x00007ff8cb330000 - 0x00007ff8cb514000 	C:\Windows\SYSTEM32\dbghelp.dll

VM Arguments:
jvm_args: -XX:MaxMetaspaceSize=256m -XX:+HeapDumpOnOutOfMemoryError -Xms256m -Xmx512m -Dfile.encoding=windows-1252 -Duser.country=US -Duser.language=en -Duser.variant -Xmx512M 
java_command: org.gradle.launcher.daemon.bootstrap.GradleDaemon 6.2
java_class_path (initial): C:\Users\Tho Xao Dien\.gradle\wrapper\dists\gradle-6.2-all\dvufqs6kielxeao781pmk5huj\gradle-6.2\lib\gradle-launcher-6.2.jar
Launcher Type: SUN_STANDARD

Environment Variables:
JAVA_HOME=C:\Program Files\Java\jdk
_JAVA_OPTIONS=-Xmx512M
CLASSPATH=E:\KLTN\mobile_app\TheCoffeeShopMobile\android\\gradle\wrapper\gradle-wrapper.jar
PATH=E:\KLTN\mobile_app\TheCoffeeShopMobile\android\node_modules\.bin;E:\KLTN\mobile_app\TheCoffeeShopMobile\node_modules\.bin;E:\KLTN\mobile_app\node_modules\.bin;E:\KLTN\node_modules\.bin;E:\node_modules\.bin;C:\Program Files\nodejs;E:\KLTN\mobile_app\TheCoffeeShopMobile\node_modules\.bin;C:\Program Files (x86)\Common Files\Oracle\Java\javapath;C:\ProgramData\Anaconda3;C:\ProgramData\Anaconda3\Library\mingw-w64\bin;C:\ProgramData\Anaconda3\Library\usr\bin;C:\ProgramData\Anaconda3\Library\bin;C:\ProgramData\Anaconda3\Scripts;C:\Program Files\Common Files\Oracle\Java\javapath;C:\Windows\system32;C:\Windows;C:\Windows\System32\Wbem;C:\Windows\System32\WindowsPowerShell\v1.0\;C:\Windows\System32\OpenSSH\;C:\Program Files\Microsoft SQL Server\130\Tools\Binn\;C:\Program Files\Microsoft SQL Server\Client SDK\ODBC\170\Tools\Binn\;C:\Program Files\Microsoft SQL Server\Client SDK\ODBC\130\Tools\Binn\;C:\Program Files (x86)\Microsoft SQL Server\140\Tools\Binn\;C:\Program Files\Microsoft SQL Server\140\Tools\Binn\;C:\Program Files\Microsoft SQL Server\140\DTS\Binn\;C:\Program Files (x86)\Microsoft SQL Server\150\DTS\Binn\;E:\Git\cmd;C:\Program Files\nodejs\;C:\Program Files\dotnet\;C:\Program Files\MongoDB\Sever\4.0\bin;C:\Program Files (x86)\dotnet\;C:\Users\Public\Android\Sdk\platform-tools;C:\Users\Tho Xao Dien\AppData\Local\Programs\Python\Python39\Scripts\;C:\Users\Tho Xao Dien\AppData\Local\Programs\Python\Python39\;C:\Program Files\MySQL\MySQL Shell 8.0\bin\;C:\Users\Tho Xao Dien\AppData\Local\Microsoft\WindowsApps;C:\Users\Tho Xao Dien\AppData\Local\Programs\Microsoft VS Code\bin;C:\Users\Tho Xao Dien\AppData\Roaming\npm;C:\Users\Tho Xao Dien\AppData\Roaming\npm\node_modules\angular-cli;C:\Users\Tho Xao Dien\.dotnet\tools;E:\Hugo;C:\Program Files\heroku\bin;C:\Program Files\Java\jdk-15.0.1\bin
USERNAME=Tho Xao Dien
OS=Windows_NT
PROCESSOR_IDENTIFIER=Intel64 Family 6 Model 142 Stepping 11, GenuineIntel



---------------  S Y S T E M  ---------------

OS: Windows 10.0 , 64 bit Build 19041 (10.0.19041.928)

CPU:total 8 (initial active 8) (4 cores per cpu, 2 threads per core) family 6 model 142 stepping 11, cmov, cx8, fxsr, mmx, sse, sse2, sse3, ssse3, sse4.1, sse4.2, popcnt, avx, avx2, aes, clmul, erms, 3dnowpref, lzcnt, ht, tsc, tscinvbit, bmi1, bmi2, adx

Memory: 4k page, physical 8273204k(1661272k free), swap 16661812k(12988k free)

vm_info: Java HotSpot(TM) 64-Bit Server VM (25.281-b09) for windows-amd64 JRE (1.8.0_281-b09), built on Dec  9 2020 13:54:07 by "" with MS VC++ 15.9 (VS2017)

time: Wed May 12 18:01:23 2021
timezone: SE Asia Standard Time
elapsed time: 18.131058 seconds (0d 0h 0m 18s)

