#
# There is insufficient memory for the Java Runtime Environment to continue.
# Native memory allocation (malloc) failed to allocate 835856 bytes for Chunk::new
# Possible reasons:
#   The system is out of physical RAM or swap space
#   The process is running with CompressedOops enabled, and the Java Heap may be blocking the growth of the native heap
# Possible solutions:
#   Reduce memory load on the system
#   Increase physical memory or swap space
#   Check if swap backing store is full
#   Decrease Java heap size (-Xmx/-Xms)
#   Decrease number of Java threads
#   Decrease Java thread stack sizes (-Xss)
#   Set larger code cache with -XX:ReservedCodeCacheSize=
#   JVM is running with Unscaled Compressed Oops mode in which the Java heap is
#     placed in the first 4GB address space. The Java Heap base address is the
#     maximum limit for the native heap growth. Please use -XX:HeapBaseMinAddress
#     to set the Java Heap base and to place the Java Heap above 4GB virtual address.
# This output file may be truncated or incomplete.
#
#  Out of Memory Error (allocation.cpp:389), pid=17184, tid=0x0000000000001ad4
#
# JRE version: Java(TM) SE Runtime Environment (8.0_281-b09) (build 1.8.0_281-b09)
# Java VM: Java HotSpot(TM) 64-Bit Server VM (25.281-b09 mixed mode windows-amd64 compressed oops)
# Failed to write core dump. Minidumps are not enabled by default on client versions of Windows
#

---------------  T H R E A D  ---------------

Current thread (0x000001495be48000):  JavaThread "C2 CompilerThread2" daemon [_thread_in_native, id=6868, stack(0x0000003ada400000,0x0000003ada500000)]

Stack: [0x0000003ada400000,0x0000003ada500000]
Native frames: (J=compiled Java code, j=interpreted, Vv=VM code, C=native code)
V  [jvm.dll+0x32e5b9]
V  [jvm.dll+0x275012]
V  [jvm.dll+0x275cbd]
V  [jvm.dll+0x26c6f5]
V  [jvm.dll+0xd51fc]
V  [jvm.dll+0xd59fc]
V  [jvm.dll+0x46f8c3]
V  [jvm.dll+0x4373e0]
V  [jvm.dll+0x4403d5]
V  [jvm.dll+0x43f795]
V  [jvm.dll+0x42a5e7]
V  [jvm.dll+0xabe9b]
V  [jvm.dll+0xaa4fb]
V  [jvm.dll+0x23d6b2]
V  [jvm.dll+0x291cbc]
C  [ucrtbase.dll+0x21bb2]
C  [KERNEL32.DLL+0x17034]
C  [ntdll.dll+0x52651]


Current CompileTask:
C2:   3321  909       4       java.io.WinNTFileSystem::normalize (143 bytes)


---------------  P R O C E S S  ---------------

Java Threads: ( => current thread )
  0x000001495e416000 JavaThread "Exec process Thread 2" [_thread_blocked, id=8940, stack(0x0000003adab00000,0x0000003adac00000)]
  0x000001495e4b3000 JavaThread "Exec process" [_thread_in_vm, id=16352, stack(0x0000003ada900000,0x0000003adaa00000)]
  0x000001495ded4000 JavaThread "pool-1-thread-1" [_thread_blocked, id=9644, stack(0x0000003ada800000,0x0000003ada900000)]
  0x000001495d210800 JavaThread "Service Thread" daemon [_thread_blocked, id=14804, stack(0x0000003ada600000,0x0000003ada700000)]
  0x000001495be48800 JavaThread "C1 CompilerThread3" daemon [_thread_blocked, id=13044, stack(0x0000003ada500000,0x0000003ada600000)]
=>0x000001495be48000 JavaThread "C2 CompilerThread2" daemon [_thread_in_native, id=6868, stack(0x0000003ada400000,0x0000003ada500000)]
  0x000001495be3f800 JavaThread "C2 CompilerThread1" daemon [_thread_blocked, id=20360, stack(0x0000003ada300000,0x0000003ada400000)]
  0x000001495be36800 JavaThread "C2 CompilerThread0" daemon [_thread_blocked, id=20020, stack(0x0000003ada200000,0x0000003ada300000)]
  0x000001495be35000 JavaThread "Attach Listener" daemon [_thread_blocked, id=1476, stack(0x0000003ada100000,0x0000003ada200000)]
  0x000001495be33800 JavaThread "Signal Dispatcher" daemon [_thread_blocked, id=15576, stack(0x0000003ada000000,0x0000003ada100000)]
  0x000001495b21e800 JavaThread "Finalizer" daemon [_thread_blocked, id=18316, stack(0x0000003ad9f00000,0x0000003ada000000)]
  0x000001495b21c000 JavaThread "Reference Handler" daemon [_thread_blocked, id=13536, stack(0x0000003ad9e00000,0x0000003ad9f00000)]
  0x00000149488d4800 JavaThread "main" [_thread_blocked, id=10352, stack(0x0000003ad9400000,0x0000003ad9500000)]

Other Threads:
  0x000001495bde3800 VMThread [stack: 0x0000003ad9d00000,0x0000003ad9e00000] [id=17320]
  0x000001495bebe800 WatcherThread [stack: 0x0000003ada700000,0x0000003ada800000] [id=13968]

VM state:not at safepoint (normal execution)

VM Mutex/Monitor currently owned by a thread: None

heap address: 0x00000000e0000000, size: 512 MB, Compressed Oops mode: 32-bit
Narrow klass base: 0x0000000000000000, Narrow klass shift: 3
Compressed class space size: 1073741824 Address: 0x0000000100000000

Heap:
 PSYoungGen      total 18944K, used 17339K [0x00000000f5580000, 0x00000000f6a80000, 0x0000000100000000)
  eden space 16384K, 90% used [0x00000000f5580000,0x00000000f63f5a40,0x00000000f6580000)
  from space 2560K, 98% used [0x00000000f6800000,0x00000000f6a794a0,0x00000000f6a80000)
  to   space 2560K, 0% used [0x00000000f6580000,0x00000000f6580000,0x00000000f6800000)
 ParOldGen       total 44032K, used 1488K [0x00000000e0000000, 0x00000000e2b00000, 0x00000000f5580000)
  object space 44032K, 3% used [0x00000000e0000000,0x00000000e0174340,0x00000000e2b00000)
 Metaspace       used 10727K, capacity 10984K, committed 11264K, reserved 1058816K
  class space    used 1430K, capacity 1534K, committed 1536K, reserved 1048576K

Card table byte_map: [0x0000014959660000,0x0000014959770000] byte_map_base: 0x0000014958f60000

Marking Bits: (ParMarkBitMap*) 0x0000000053416ff0
 Begin Bits: [0x0000014959820000, 0x000001495a020000)
 End Bits:   [0x000001495a020000, 0x000001495a820000)

Polling page: 0x0000014948a40000

CodeCache: size=245760Kb used=3756Kb max_used=3767Kb free=242003Kb
 bounds [0x000001494a2a0000, 0x000001494a660000, 0x00000149592a0000]
 total_blobs=1344 nmethods=987 adapters=270
 compilation: enabled

Compilation events (10 events):
Event: 3.232 Thread 0x000001495be48800  975       3       org.gradle.internal.io.StreamByteBuffer::allocateSpace (73 bytes)
Event: 3.232 Thread 0x000001495be48800 nmethod 975 0x000001494a646a50 code [0x000001494a646c20, 0x000001494a647330]
Event: 3.232 Thread 0x000001495be48800  973       3       org.gradle.internal.stream.EncodedStream::access$000 (4 bytes)
Event: 3.233 Thread 0x000001495be48800 nmethod 973 0x000001494a647690 code [0x000001494a6477e0, 0x000001494a647918]
Event: 3.233 Thread 0x000001495be48800  974       3       org.gradle.internal.io.StreamByteBuffer$StreamByteBufferOutputStream::write (22 bytes)
Event: 3.233 Thread 0x000001495be48800 nmethod 974 0x000001494a647990 code [0x000001494a647b00, 0x000001494a647db0]
Event: 3.233 Thread 0x000001495be48800  976       3       org.gradle.internal.io.StreamByteBuffer$StreamByteBufferChunk::spaceLeft (10 bytes)
Event: 3.233 Thread 0x000001495be48800 nmethod 976 0x000001494a647f90 code [0x000001494a6480e0, 0x000001494a648238]
Event: 3.233 Thread 0x000001495be48800  977       3       org.gradle.internal.io.StreamByteBuffer$StreamByteBufferChunk::write (32 bytes)
Event: 3.233 Thread 0x000001495be48800 nmethod 977 0x000001494a6482d0 code [0x000001494a648440, 0x000001494a648618]

GC Heap History (4 events):
Event: 1.284 GC heap before
{Heap before GC invocations=1 (full 0):
 PSYoungGen      total 18944K, used 16384K [0x00000000f5580000, 0x00000000f6a80000, 0x0000000100000000)
  eden space 16384K, 100% used [0x00000000f5580000,0x00000000f6580000,0x00000000f6580000)
  from space 2560K, 0% used [0x00000000f6800000,0x00000000f6800000,0x00000000f6a80000)
  to   space 2560K, 0% used [0x00000000f6580000,0x00000000f6580000,0x00000000f6800000)
 ParOldGen       total 44032K, used 0K [0x00000000e0000000, 0x00000000e2b00000, 0x00000000f5580000)
  object space 44032K, 0% used [0x00000000e0000000,0x00000000e0000000,0x00000000e2b00000)
 Metaspace       used 6229K, capacity 6494K, committed 6784K, reserved 1056768K
  class space    used 753K, capacity 845K, committed 896K, reserved 1048576K
Event: 1.288 GC heap after
Heap after GC invocations=1 (full 0):
 PSYoungGen      total 18944K, used 2535K [0x00000000f5580000, 0x00000000f6a80000, 0x0000000100000000)
  eden space 16384K, 0% used [0x00000000f5580000,0x00000000f5580000,0x00000000f6580000)
  from space 2560K, 99% used [0x00000000f6580000,0x00000000f67f9e70,0x00000000f6800000)
  to   space 2560K, 0% used [0x00000000f6800000,0x00000000f6800000,0x00000000f6a80000)
 ParOldGen       total 44032K, used 24K [0x00000000e0000000, 0x00000000e2b00000, 0x00000000f5580000)
  object space 44032K, 0% used [0x00000000e0000000,0x00000000e0006000,0x00000000e2b00000)
 Metaspace       used 6229K, capacity 6494K, committed 6784K, reserved 1056768K
  class space    used 753K, capacity 845K, committed 896K, reserved 1048576K
}
Event: 1.953 GC heap before
{Heap before GC invocations=2 (full 0):
 PSYoungGen      total 18944K, used 18919K [0x00000000f5580000, 0x00000000f6a80000, 0x0000000100000000)
  eden space 16384K, 100% used [0x00000000f5580000,0x00000000f6580000,0x00000000f6580000)
  from space 2560K, 99% used [0x00000000f6580000,0x00000000f67f9e70,0x00000000f6800000)
  to   space 2560K, 0% used [0x00000000f6800000,0x00000000f6800000,0x00000000f6a80000)
 ParOldGen       total 44032K, used 24K [0x00000000e0000000, 0x00000000e2b00000, 0x00000000f5580000)
  object space 44032K, 0% used [0x00000000e0000000,0x00000000e0006000,0x00000000e2b00000)
 Metaspace       used 8763K, capacity 9056K, committed 9216K, reserved 1056768K
  class space    used 1160K, capacity 1276K, committed 1280K, reserved 1048576K
Event: 1.961 GC heap after
Heap after GC invocations=2 (full 0):
 PSYoungGen      total 18944K, used 2533K [0x00000000f5580000, 0x00000000f6a80000, 0x0000000100000000)
  eden space 16384K, 0% used [0x00000000f5580000,0x00000000f5580000,0x00000000f6580000)
  from space 2560K, 98% used [0x00000000f6800000,0x00000000f6a794a0,0x00000000f6a80000)
  to   space 2560K, 0% used [0x00000000f6580000,0x00000000f6580000,0x00000000f6800000)
 ParOldGen       total 44032K, used 1488K [0x00000000e0000000, 0x00000000e2b00000, 0x00000000f5580000)
  object space 44032K, 3% used [0x00000000e0000000,0x00000000e0174340,0x00000000e2b00000)
 Metaspace       used 8763K, capacity 9056K, committed 9216K, reserved 1056768K
  class space    used 1160K, capacity 1276K, committed 1280K, reserved 1048576K
}

Deoptimization events (9 events):
Event: 0.800 Thread 0x00000149488d4800 Uncommon trap: reason=unstable_if action=reinterpret pc=0x000001494a49af38 method=java.lang.String.startsWith(Ljava/lang/String;I)Z @ 25
Event: 1.464 Thread 0x00000149488d4800 Uncommon trap: reason=unstable_if action=reinterpret pc=0x000001494a47e380 method=java.util.regex.Matcher.reset()Ljava/util/regex/Matcher; @ 47
Event: 1.464 Thread 0x00000149488d4800 Uncommon trap: reason=class_check action=maybe_recompile pc=0x000001494a48fc84 method=java.util.regex.Matcher.match(II)Z @ 86
Event: 1.465 Thread 0x00000149488d4800 Uncommon trap: reason=class_check action=maybe_recompile pc=0x000001494a48fc84 method=java.util.regex.Matcher.match(II)Z @ 86
Event: 1.466 Thread 0x00000149488d4800 Uncommon trap: reason=class_check action=maybe_recompile pc=0x000001494a48fc84 method=java.util.regex.Matcher.match(II)Z @ 86
Event: 1.466 Thread 0x00000149488d4800 Uncommon trap: reason=class_check action=maybe_recompile pc=0x000001494a48fc84 method=java.util.regex.Matcher.match(II)Z @ 86
Event: 1.471 Thread 0x00000149488d4800 Uncommon trap: reason=unstable_if action=reinterpret pc=0x000001494a3e9150 method=java.util.regex.Pattern.has(I)Z @ 6
Event: 1.995 Thread 0x00000149488d4800 Uncommon trap: reason=unstable_if action=reinterpret pc=0x000001494a56b220 method=java.util.HashMap.hash(Ljava/lang/Object;)I @ 1
Event: 2.110 Thread 0x00000149488d4800 Uncommon trap: reason=unstable_if action=reinterpret pc=0x000001494a560fc4 method=java.util.HashMap.getNode(ILjava/lang/Object;)Ljava/util/HashMap$Node; @ 129

Classes redefined (0 events):
No events

Internal exceptions (10 events):
Event: 1.995 Thread 0x00000149488d4800 Implicit null exception at 0x000001494a56b015 to 0x000001494a56b211
Event: 2.004 Thread 0x00000149488d4800 Exception <a 'java/lang/ArrayIndexOutOfBoundsException'> (0x00000000f5668b48) thrown at [C:\jenkins\workspace\8-2-build-windows-amd64-cygwin\jdk8u281\880\hotspot\src\share\vm\runtime\sharedRuntime.cpp, line 609]
Event: 2.005 Thread 0x00000149488d4800 Exception <a 'java/lang/ArrayIndexOutOfBoundsException'> (0x00000000f566d048) thrown at [C:\jenkins\workspace\8-2-build-windows-amd64-cygwin\jdk8u281\880\hotspot\src\share\vm\runtime\sharedRuntime.cpp, line 609]
Event: 2.021 Thread 0x00000149488d4800 Exception <a 'java/lang/ArrayIndexOutOfBoundsException'> (0x00000000f56d8680) thrown at [C:\jenkins\workspace\8-2-build-windows-amd64-cygwin\jdk8u281\880\hotspot\src\share\vm\runtime\sharedRuntime.cpp, line 609]
Event: 2.024 Thread 0x00000149488d4800 Exception <a 'java/lang/ArrayIndexOutOfBoundsException'> (0x00000000f56d9758) thrown at [C:\jenkins\workspace\8-2-build-windows-amd64-cygwin\jdk8u281\880\hotspot\src\share\vm\runtime\sharedRuntime.cpp, line 609]
Event: 2.024 Thread 0x00000149488d4800 Exception <a 'java/lang/ArrayIndexOutOfBoundsException'> (0x00000000f56dcba8) thrown at [C:\jenkins\workspace\8-2-build-windows-amd64-cygwin\jdk8u281\880\hotspot\src\share\vm\runtime\sharedRuntime.cpp, line 609]
Event: 2.024 Thread 0x00000149488d4800 Exception <a 'java/lang/ArrayIndexOutOfBoundsException'> (0x00000000f56df0e8) thrown at [C:\jenkins\workspace\8-2-build-windows-amd64-cygwin\jdk8u281\880\hotspot\src\share\vm\runtime\sharedRuntime.cpp, line 609]
Event: 2.025 Thread 0x00000149488d4800 Exception <a 'java/lang/ArrayIndexOutOfBoundsException'> (0x00000000f56e1b70) thrown at [C:\jenkins\workspace\8-2-build-windows-amd64-cygwin\jdk8u281\880\hotspot\src\share\vm\runtime\sharedRuntime.cpp, line 609]
Event: 2.025 Thread 0x00000149488d4800 Exception <a 'java/lang/ArrayIndexOutOfBoundsException'> (0x00000000f56e36f0) thrown at [C:\jenkins\workspace\8-2-build-windows-amd64-cygwin\jdk8u281\880\hotspot\src\share\vm\runtime\sharedRuntime.cpp, line 609]
Event: 2.025 Thread 0x00000149488d4800 Exception <a 'java/lang/ArrayIndexOutOfBoundsException'> (0x00000000f56e5c18) thrown at [C:\jenkins\workspace\8-2-build-windows-amd64-cygwin\jdk8u281\880\hotspot\src\share\vm\runtime\sharedRuntime.cpp, line 609]

Events (10 events):
Event: 3.248 loading class org/gradle/process/internal/streams/SafeStreams$2
Event: 3.248 loading class org/gradle/process/internal/streams/SafeStreams$2 done
Event: 3.249 loading class org/gradle/api/PathValidation
Event: 3.249 loading class org/gradle/api/PathValidation done
Event: 3.249 loading class org/gradle/util/DeferredUtil
Event: 3.249 loading class org/gradle/util/DeferredUtil done
Event: 3.250 loading class kotlin/jvm/functions/Function0
Event: 3.250 loading class kotlin/jvm/functions/Function0 done
Event: 3.251 loading class kotlin/Function
Event: 3.251 loading class kotlin/Function done


Dynamic libraries:
0x00007ff7f10d0000 - 0x00007ff7f1117000 	C:\Program Files\Java\jdk\bin\java.exe
0x00007ff8cfdb0000 - 0x00007ff8cffa5000 	C:\Windows\SYSTEM32\ntdll.dll
0x00007ff8cdef0000 - 0x00007ff8cdfad000 	C:\Windows\System32\KERNEL32.DLL
0x00007ff8cd550000 - 0x00007ff8cd818000 	C:\Windows\System32\KERNELBASE.dll
0x00007ff8cee80000 - 0x00007ff8cef2c000 	C:\Windows\System32\ADVAPI32.dll
0x00007ff8cf800000 - 0x00007ff8cf89e000 	C:\Windows\System32\msvcrt.dll
0x00007ff8cf6f0000 - 0x00007ff8cf78b000 	C:\Windows\System32\sechost.dll
0x00007ff8cf950000 - 0x00007ff8cfa7b000 	C:\Windows\System32\RPCRT4.dll
0x00007ff8cf520000 - 0x00007ff8cf6c0000 	C:\Windows\System32\USER32.dll
0x00007ff8cd4f0000 - 0x00007ff8cd512000 	C:\Windows\System32\win32u.dll
0x00007ff8cf020000 - 0x00007ff8cf04a000 	C:\Windows\System32\GDI32.dll
0x00007ff8cdd00000 - 0x00007ff8cde0b000 	C:\Windows\System32\gdi32full.dll
0x00007ff8cda30000 - 0x00007ff8cdacd000 	C:\Windows\System32\msvcp_win.dll
0x00007ff8cd880000 - 0x00007ff8cd980000 	C:\Windows\System32\ucrtbase.dll
0x00007ff8b6650000 - 0x00007ff8b68ea000 	C:\Windows\WinSxS\amd64_microsoft.windows.common-controls_6595b64144ccf1df_6.0.19041.844_none_ca00b6081b84eb1d\COMCTL32.dll
0x00007ff8cf6c0000 - 0x00007ff8cf6f0000 	C:\Windows\System32\IMM32.DLL
0x00007ff8b9cd0000 - 0x00007ff8b9ce5000 	C:\Program Files\Java\jdk\jre\bin\vcruntime140.dll
0x00007ff87fb30000 - 0x00007ff87fbcb000 	C:\Program Files\Java\jdk\jre\bin\msvcp140.dll
0x0000000052c30000 - 0x000000005348f000 	C:\Program Files\Java\jdk\jre\bin\server\jvm.dll
0x00007ff8cf7f0000 - 0x00007ff8cf7f8000 	C:\Windows\System32\PSAPI.DLL
0x00007ff8c8090000 - 0x00007ff8c8099000 	C:\Windows\SYSTEM32\WSOCK32.dll
0x00007ff8c75b0000 - 0x00007ff8c75ba000 	C:\Windows\SYSTEM32\VERSION.dll
0x00007ff8ced80000 - 0x00007ff8cedeb000 	C:\Windows\System32\WS2_32.dll
0x00007ff8b6de0000 - 0x00007ff8b6e07000 	C:\Windows\SYSTEM32\WINMM.dll
0x00007ff8cbe10000 - 0x00007ff8cbe22000 	C:\Windows\SYSTEM32\kernel.appcore.dll
0x00007ff8c7860000 - 0x00007ff8c7870000 	C:\Program Files\Java\jdk\jre\bin\verify.dll
0x00007ff8b96b0000 - 0x00007ff8b96db000 	C:\Program Files\Java\jdk\jre\bin\java.dll
0x00007ff8b9690000 - 0x00007ff8b96a8000 	C:\Program Files\Java\jdk\jre\bin\zip.dll
0x00007ff8ce450000 - 0x00007ff8ceb92000 	C:\Windows\System32\SHELL32.dll
0x00007ff8cb610000 - 0x00007ff8cbda1000 	C:\Windows\SYSTEM32\windows.storage.dll
0x00007ff8ce0f0000 - 0x00007ff8ce445000 	C:\Windows\System32\combase.dll
0x00007ff8cce90000 - 0x00007ff8ccebc000 	C:\Windows\SYSTEM32\Wldp.dll
0x00007ff8cecd0000 - 0x00007ff8ced7e000 	C:\Windows\System32\SHCORE.dll
0x00007ff8cec70000 - 0x00007ff8cecc5000 	C:\Windows\System32\shlwapi.dll
0x00007ff8cd430000 - 0x00007ff8cd44f000 	C:\Windows\SYSTEM32\profapi.dll
0x00007ff8b9670000 - 0x00007ff8b968c000 	C:\Program Files\Java\jdk\jre\bin\net.dll
0x00007ff8ccc00000 - 0x00007ff8ccc6a000 	C:\Windows\system32\mswsock.dll
0x00007ff8a27f0000 - 0x00007ff8a2803000 	C:\Program Files\Java\jdk\jre\bin\nio.dll
0x00007ff895450000 - 0x00007ff89547a000 	C:\Users\Tho Xao Dien\.gradle\native\36\windows-amd64\native-platform.dll
0x00007ff8b13b0000 - 0x00007ff8b13ba000 	C:\Users\Tho Xao Dien\.gradle\native\jansi\1.18\windows64\jansi.dll
0x00007ff8b13a0000 - 0x00007ff8b13ad000 	C:\Program Files\Java\jdk\jre\bin\management.dll
0x00007ff8ccde0000 - 0x00007ff8ccdf8000 	C:\Windows\SYSTEM32\CRYPTSP.dll
0x00007ff8cc5a0000 - 0x00007ff8cc5d4000 	C:\Windows\system32\rsaenh.dll
0x00007ff8cd520000 - 0x00007ff8cd547000 	C:\Windows\System32\bcrypt.dll
0x00007ff8cd3f0000 - 0x00007ff8cd41e000 	C:\Windows\SYSTEM32\USERENV.dll
0x00007ff8cdad0000 - 0x00007ff8cdb50000 	C:\Windows\System32\bcryptprimitives.dll
0x00007ff8ccdd0000 - 0x00007ff8ccddc000 	C:\Windows\SYSTEM32\CRYPTBASE.dll
0x00007ff8cc8f0000 - 0x00007ff8cc92b000 	C:\Windows\SYSTEM32\IPHLPAPI.DLL
0x00007ff8ce0e0000 - 0x00007ff8ce0e8000 	C:\Windows\System32\NSI.dll
0x00007ff8cab00000 - 0x00007ff8cab17000 	C:\Windows\SYSTEM32\dhcpcsvc6.DLL
0x00007ff8caae0000 - 0x00007ff8caafd000 	C:\Windows\SYSTEM32\dhcpcsvc.DLL
0x00007ff8cc930000 - 0x00007ff8cc9fc000 	C:\Windows\SYSTEM32\DNSAPI.dll
0x00007ff8cb330000 - 0x00007ff8cb514000 	C:\Windows\SYSTEM32\dbghelp.dll

VM Arguments:
jvm_args: -Xmx64m -Xms64m -Dorg.gradle.appname=gradlew -Xmx512M 
java_command: org.gradle.wrapper.GradleWrapperMain app:installDebug -PreactNativeDevServerPort=8081
java_class_path (initial): E:\KLTN\mobile_app\TheCoffeeShopMobile\android\\gradle\wrapper\gradle-wrapper.jar
Launcher Type: SUN_STANDARD

Environment Variables:
JAVA_HOME=C:\Program Files\Java\jdk
_JAVA_OPTIONS=-Xmx512M
CLASSPATH=E:\KLTN\mobile_app\TheCoffeeShopMobile\android\\gradle\wrapper\gradle-wrapper.jar
PATH=E:\KLTN\mobile_app\TheCoffeeShopMobile\android\node_modules\.bin;E:\KLTN\mobile_app\TheCoffeeShopMobile\node_modules\.bin;E:\KLTN\mobile_app\node_modules\.bin;E:\KLTN\node_modules\.bin;E:\node_modules\.bin;C:\Program Files\nodejs;E:\KLTN\mobile_app\TheCoffeeShopMobile\node_modules\.bin;C:\Program Files (x86)\Common Files\Oracle\Java\javapath;C:\ProgramData\Anaconda3;C:\ProgramData\Anaconda3\Library\mingw-w64\bin;C:\ProgramData\Anaconda3\Library\usr\bin;C:\ProgramData\Anaconda3\Library\bin;C:\ProgramData\Anaconda3\Scripts;C:\Program Files\Common Files\Oracle\Java\javapath;C:\Windows\system32;C:\Windows;C:\Windows\System32\Wbem;C:\Windows\System32\WindowsPowerShell\v1.0\;C:\Windows\System32\OpenSSH\;C:\Program Files\Microsoft SQL Server\130\Tools\Binn\;C:\Program Files\Microsoft SQL Server\Client SDK\ODBC\170\Tools\Binn\;C:\Program Files\Microsoft SQL Server\Client SDK\ODBC\130\Tools\Binn\;C:\Program Files (x86)\Microsoft SQL Server\140\Tools\Binn\;C:\Program Files\Microsoft SQL Server\140\Tools\Binn\;C:\Program Files\Microsoft SQL Server\140\DTS\Binn\;C:\Program Files (x86)\Microsoft SQL Server\150\DTS\Binn\;E:\Git\cmd;C:\Program Files\nodejs\;C:\Program Files\dotnet\;C:\Program Files\MongoDB\Sever\4.0\bin;C:\Program Files (x86)\dotnet\;C:\Users\Public\Android\Sdk\platform-tools;C:\Users\Tho Xao Dien\AppData\Local\Programs\Python\Python39\Scripts\;C:\Users\Tho Xao Dien\AppData\Local\Programs\Python\Python39\;C:\Program Files\MySQL\MySQL Shell 8.0\bin\;C:\Users\Tho Xao Dien\AppData\Local\Microsoft\WindowsApps;C:\Users\Tho Xao Dien\AppData\Local\Programs\Microsoft VS Code\bin;C:\Users\Tho Xao Dien\AppData\Roaming\npm;C:\Users\Tho Xao Dien\AppData\Roaming\npm\node_modules\angular-cli;C:\Users\Tho Xao Dien\.dotnet\tools;E:\Hugo;C:\Program Files\heroku\bin;C:\Program Files\Java\jdk-15.0.1\bin
USERNAME=Tho Xao Dien
OS=Windows_NT
PROCESSOR_IDENTIFIER=Intel64 Family 6 Model 142 Stepping 11, GenuineIntel



---------------  S Y S T E M  ---------------

OS: Windows 10.0 , 64 bit Build 19041 (10.0.19041.928)

CPU:total 8 (initial active 8) (4 cores per cpu, 2 threads per core) family 6 model 142 stepping 11, cmov, cx8, fxsr, mmx, sse, sse2, sse3, ssse3, sse4.1, sse4.2, popcnt, avx, avx2, aes, clmul, erms, 3dnowpref, lzcnt, ht, tsc, tscinvbit, bmi1, bmi2, adx

Memory: 4k page, physical 8273204k(2211776k free), swap 16661812k(2744k free)

vm_info: Java HotSpot(TM) 64-Bit Server VM (25.281-b09) for windows-amd64 JRE (1.8.0_281-b09), built on Dec  9 2020 13:54:07 by "" with MS VC++ 15.9 (VS2017)

time: Wed May 12 14:03:37 2021
timezone: SE Asia Standard Time
elapsed time: 3.331958 seconds (0d 0h 0m 3s)

