#
# There is insufficient memory for the Java Runtime Environment to continue.
# Native memory allocation (malloc) failed to allocate 954096 bytes for Chunk::new
# Possible reasons:
#   The system is out of physical RAM or swap space
#   The process is running with CompressedOops enabled, and the Java Heap may be blocking the growth of the native heap
# Possible solutions:
#   Reduce memory load on the system
#   Increase physical memory or swap space
#   Check if swap backing store is full
#   Decrease Java heap size (-Xmx/-Xms)
#   Decrease number of Java threads
#   Decrease Java thread stack sizes (-Xss)
#   Set larger code cache with -XX:ReservedCodeCacheSize=
#   JVM is running with Unscaled Compressed Oops mode in which the Java heap is
#     placed in the first 4GB address space. The Java Heap base address is the
#     maximum limit for the native heap growth. Please use -XX:HeapBaseMinAddress
#     to set the Java Heap base and to place the Java Heap above 4GB virtual address.
# This output file may be truncated or incomplete.
#
#  Out of Memory Error (allocation.cpp:389), pid=6236, tid=0x0000000000005030
#
# JRE version: Java(TM) SE Runtime Environment (8.0_281-b09) (build 1.8.0_281-b09)
# Java VM: Java HotSpot(TM) 64-Bit Server VM (25.281-b09 mixed mode windows-amd64 compressed oops)
# Failed to write core dump. Minidumps are not enabled by default on client versions of Windows
#

---------------  T H R E A D  ---------------

Current thread (0x000001eaa15f5800):  JavaThread "C2 CompilerThread0" daemon [_thread_in_native, id=20528, stack(0x0000008959500000,0x0000008959600000)]

Stack: [0x0000008959500000,0x0000008959600000]
Native frames: (J=compiled Java code, j=interpreted, Vv=VM code, C=native code)
V  [jvm.dll+0x32e5b9]
V  [jvm.dll+0x275012]
V  [jvm.dll+0x275cbd]
V  [jvm.dll+0x26c6f5]
V  [jvm.dll+0xd51fc]
V  [jvm.dll+0xd59fc]
V  [jvm.dll+0x4523f2]
V  [jvm.dll+0x48d85d]
V  [jvm.dll+0x441d19]
V  [jvm.dll+0x43f664]
V  [jvm.dll+0x42a5e7]
V  [jvm.dll+0xabe9b]
V  [jvm.dll+0xaa4fb]
V  [jvm.dll+0x23d6b2]
V  [jvm.dll+0x291cbc]
C  [ucrtbase.dll+0x21bb2]
C  [KERNEL32.DLL+0x17034]
C  [ntdll.dll+0x52651]


Current CompileTask:
C2:  21016 7456       4       org.gradle.internal.instantiation.generator.AbstractClassGenerator::inspectType (559 bytes)


---------------  P R O C E S S  ---------------

Java Threads: ( => current thread )
  0x000001eaa3913800 JavaThread "Memory manager" [_thread_blocked, id=9680, stack(0x000000895b700000,0x000000895b800000)]
  0x000001eaa3912000 JavaThread "Cache worker for Build Output Cleanup Cache (E:\KLTN\mobile_app\TheCoffeeShopMobile\android\.gradle\buildOutputCleanup)" [_thread_blocked, id=10604, stack(0x000000895b600000,0x000000895b700000)]
  0x000001eaa3910800 JavaThread "pool-1-thread-1" [_thread_blocked, id=8308, stack(0x000000895b500000,0x000000895b600000)]
  0x000001eaa3910000 JavaThread "Build operations Thread 8" [_thread_blocked, id=4776, stack(0x000000895b400000,0x000000895b500000)]
  0x000001eaa390c000 JavaThread "Build operations Thread 7" [_thread_blocked, id=20700, stack(0x000000895b300000,0x000000895b400000)]
  0x000001eaa390d800 JavaThread "Build operations Thread 6" [_thread_blocked, id=11816, stack(0x000000895b200000,0x000000895b300000)]
  0x000001eaa390a800 JavaThread "Build operations Thread 5" [_thread_blocked, id=12264, stack(0x000000895b100000,0x000000895b200000)]
  0x000001eaa390d000 JavaThread "Build operations Thread 4" [_thread_blocked, id=5872, stack(0x000000895b000000,0x000000895b100000)]
  0x000001eaa390f000 JavaThread "Build operations Thread 3" [_thread_blocked, id=14484, stack(0x000000895af00000,0x000000895b000000)]
  0x000001eaa3909800 JavaThread "Build operations Thread 2" [_thread_blocked, id=4604, stack(0x000000895ae00000,0x000000895af00000)]
  0x000001eaa390e800 JavaThread "Build operations" [_thread_blocked, id=17440, stack(0x000000895ad00000,0x000000895ae00000)]
  0x000001eaa5387800 JavaThread "Cache worker for execution history cache (C:\Users\Tho Xao Dien\.gradle\caches\6.2\executionHistory)" [_thread_blocked, id=15964, stack(0x000000895ac00000,0x000000895ad00000)]
  0x000001eaa538d800 JavaThread "Cache worker for cache directory md-rule (C:\Users\Tho Xao Dien\.gradle\caches\6.2\md-rule)" [_thread_blocked, id=14428, stack(0x000000895ab00000,0x000000895ac00000)]
  0x000001eaa538a000 JavaThread "Cache worker for cache directory md-supplier (C:\Users\Tho Xao Dien\.gradle\caches\6.2\md-supplier)" [_thread_blocked, id=12912, stack(0x000000895aa00000,0x000000895ab00000)]
  0x000001eaa5388800 JavaThread "Cache worker for file hash cache (E:\KLTN\mobile_app\TheCoffeeShopMobile\android\.gradle\6.2\fileHashes)" [_thread_blocked, id=5840, stack(0x000000895a900000,0x000000895aa00000)]
  0x000001eaa5387000 JavaThread "Cache worker for checksums cache (E:\KLTN\mobile_app\TheCoffeeShopMobile\android\.gradle\checksums)" [_thread_blocked, id=11964, stack(0x000000895a800000,0x000000895a900000)]
  0x000001eaa538b800 JavaThread "Cache worker for file hash cache (C:\Users\Tho Xao Dien\.gradle\caches\6.2\fileHashes)" [_thread_blocked, id=21424, stack(0x000000895a700000,0x000000895a800000)]
  0x000001eaa538d000 JavaThread "File lock request listener" [_thread_in_native, id=13352, stack(0x000000895a600000,0x000000895a700000)]
  0x000001eaa5389000 JavaThread "Cache worker for journal cache (C:\Users\Tho Xao Dien\.gradle\caches\journal-1)" [_thread_blocked, id=19044, stack(0x000000895a500000,0x000000895a600000)]
  0x000001eaa5235800 JavaThread "Thread-9" [_thread_blocked, id=19544, stack(0x000000895a400000,0x000000895a500000)]
  0x000001eaa5243000 JavaThread "Stdin handler" [_thread_blocked, id=1396, stack(0x000000895a300000,0x000000895a400000)]
  0x000001eaa523e000 JavaThread "Asynchronous log dispatcher for DefaultDaemonConnection: socket connection from /127.0.0.1:55568 to /127.0.0.1:55569" [_thread_blocked, id=21260, stack(0x000000895a200000,0x000000895a300000)]
  0x000001eaa523c000 JavaThread "Daemon worker" [_thread_in_Java, id=5764, stack(0x000000895a100000,0x000000895a200000)]
  0x000001eaa522e000 JavaThread "Cancel handler" [_thread_blocked, id=21164, stack(0x000000895a000000,0x000000895a100000)]
  0x000001eaa521a800 JavaThread "Handler for socket connection from /127.0.0.1:55568 to /127.0.0.1:55569" [_thread_in_native, id=10400, stack(0x0000008959f00000,0x000000895a000000)]
  0x000001eaa5219000 JavaThread "Daemon" [_thread_blocked, id=6584, stack(0x0000008959e00000,0x0000008959f00000)]
  0x000001eaa51b7800 JavaThread "Daemon periodic checks" [_thread_blocked, id=12296, stack(0x0000008959d00000,0x0000008959e00000)]
  0x000001eaa519b000 JavaThread "Incoming local TCP Connector on port 55568" [_thread_in_native, id=7312, stack(0x0000008959c00000,0x0000008959d00000)]
  0x000001eaa495c000 JavaThread "Daemon health stats" [_thread_blocked, id=17656, stack(0x0000008959b00000,0x0000008959c00000)]
  0x000001eaa167a800 JavaThread "Service Thread" daemon [_thread_blocked, id=21020, stack(0x0000008959900000,0x0000008959a00000)]
  0x000001eaa1612000 JavaThread "C1 CompilerThread3" daemon [_thread_blocked, id=20156, stack(0x0000008959800000,0x0000008959900000)]
  0x000001eaa160c800 JavaThread "C2 CompilerThread2" daemon [_thread_blocked, id=12844, stack(0x0000008959700000,0x0000008959800000)]
  0x000001eaa1608000 JavaThread "C2 CompilerThread1" daemon [_thread_blocked, id=9916, stack(0x0000008959600000,0x0000008959700000)]
=>0x000001eaa15f5800 JavaThread "C2 CompilerThread0" daemon [_thread_in_native, id=20528, stack(0x0000008959500000,0x0000008959600000)]
  0x000001eaa1607800 JavaThread "Attach Listener" daemon [_thread_blocked, id=16248, stack(0x0000008959400000,0x0000008959500000)]
  0x000001eaa1606800 JavaThread "Signal Dispatcher" daemon [_thread_blocked, id=9632, stack(0x0000008959300000,0x0000008959400000)]
  0x000001eaa15de000 JavaThread "Finalizer" daemon [_thread_blocked, id=18452, stack(0x0000008959200000,0x0000008959300000)]
  0x000001eaa15ce000 JavaThread "Reference Handler" daemon [_thread_blocked, id=16832, stack(0x0000008959100000,0x0000008959200000)]
  0x000001ea8ead7000 JavaThread "main" [_thread_blocked, id=1224, stack(0x0000008958700000,0x0000008958800000)]

Other Threads:
  0x000001eaa15a4000 VMThread [stack: 0x0000008959000000,0x0000008959100000] [id=15856]
  0x000001eaa348a000 WatcherThread [stack: 0x0000008959a00000,0x0000008959b00000] [id=15576]

VM state:not at safepoint (normal execution)

VM Mutex/Monitor currently owned by a thread: None

heap address: 0x00000000e0000000, size: 512 MB, Compressed Oops mode: 32-bit
Narrow klass base: 0x0000000000000000, Narrow klass shift: 3
Compressed class space size: 1073741824 Address: 0x0000000100000000

Heap:
 PSYoungGen      total 148480K, used 96792K [0x00000000f5580000, 0x0000000100000000, 0x0000000100000000)
  eden space 132608K, 61% used [0x00000000f5580000,0x00000000fa4b1398,0x00000000fd700000)
  from space 15872K, 98% used [0x00000000fd700000,0x00000000fe654ce8,0x00000000fe680000)
  to   space 21504K, 0% used [0x00000000feb00000,0x00000000feb00000,0x0000000100000000)
 ParOldGen       total 213504K, used 36465K [0x00000000e0000000, 0x00000000ed080000, 0x00000000f5580000)
  object space 213504K, 17% used [0x00000000e0000000,0x00000000e239c538,0x00000000ed080000)
 Metaspace       used 64682K, capacity 68622K, committed 68736K, reserved 1107968K
  class space    used 9117K, capacity 10078K, committed 10112K, reserved 1048576K

Card table byte_map: [0x000001ea8ed40000,0x000001ea8ee50000] byte_map_base: 0x000001ea8e640000

Marking Bits: (ParMarkBitMap*) 0x0000000053416ff0
 Begin Bits: [0x000001ea9fa80000, 0x000001eaa0280000)
 End Bits:   [0x000001eaa0280000, 0x000001eaa0a80000)

Polling page: 0x000001ea8ed10000

CodeCache: size=245760Kb used=23899Kb max_used=23899Kb free=221860Kb
 bounds [0x000001ea90610000, 0x000001ea91d80000, 0x000001ea9f610000]
 total_blobs=7752 nmethods=6944 adapters=718
 compilation: enabled

Compilation events (10 events):
Event: 20.965 Thread 0x000001eaa1612000 7623       3       org.gradle.api.internal.artifacts.ivyservice.dependencysubstitution.DependencySubstitutionApplicator$SubstitutionResult::of (10 bytes)
Event: 20.966 Thread 0x000001eaa1612000 nmethod 7623 0x000001ea91d6fc90 code [0x000001ea91d6fe00, 0x000001ea91d70058]
Event: 20.966 Thread 0x000001eaa1612000 7624       3       org.gradle.api.internal.artifacts.ivyservice.dependencysubstitution.DependencySubstitutionApplicator$SubstitutionResult::<init> (15 bytes)
Event: 20.966 Thread 0x000001eaa1612000 nmethod 7624 0x000001ea91d6f890 code [0x000001ea91d6f9e0, 0x000001ea91d6fbb8]
Event: 20.966 Thread 0x000001eaa1612000 7625       1       org.gradle.api.internal.artifacts.ivyservice.resolveengine.graph.builder.SelectorState::isFromLock (5 bytes)
Event: 20.966 Thread 0x000001eaa1612000 nmethod 7625 0x000001ea91d6f5d0 code [0x000001ea91d6f720, 0x000001ea91d6f838]
Event: 20.972 Thread 0x000001eaa1612000 7626       1       org.gradle.api.internal.artifacts.repositories.resolver.AbstractResourcePattern::getBase (5 bytes)
Event: 20.973 Thread 0x000001eaa1612000 nmethod 7626 0x000001ea91d6f310 code [0x000001ea91d6f460, 0x000001ea91d6f578]
Event: 20.973 Thread 0x000001eaa1612000 7627       3       org.gradle.internal.component.model.ComponentAttributeMatcher$CachedQuery::of (79 bytes)
Event: 20.974 Thread 0x000001eaa1612000 nmethod 7627 0x000001ea91d6e010 code [0x000001ea91d6e220, 0x000001ea91d6ee50]

GC Heap History (10 events):
Event: 9.605 GC heap before
{Heap before GC invocations=10 (full 2):
 PSYoungGen      total 116736K, used 104448K [0x00000000f5580000, 0x0000000100000000, 0x0000000100000000)
  eden space 104448K, 100% used [0x00000000f5580000,0x00000000fbb80000,0x00000000fbb80000)
  from space 12288K, 0% used [0x00000000fbb80000,0x00000000fbb80000,0x00000000fc780000)
  to   space 12800K, 0% used [0x00000000ff380000,0x00000000ff380000,0x0000000100000000)
 ParOldGen       total 175104K, used 17081K [0x00000000e0000000, 0x00000000eab00000, 0x00000000f5580000)
  object space 175104K, 9% used [0x00000000e0000000,0x00000000e10ae438,0x00000000eab00000)
 Metaspace       used 43253K, capacity 45038K, committed 45184K, reserved 1087488K
  class space    used 6013K, capacity 6442K, committed 6528K, reserved 1048576K
Event: 9.617 GC heap after
Heap after GC invocations=10 (full 2):
 PSYoungGen      total 159744K, used 11928K [0x00000000f5580000, 0x0000000100000000, 0x0000000100000000)
  eden space 146944K, 0% used [0x00000000f5580000,0x00000000f5580000,0x00000000fe500000)
  from space 12800K, 93% used [0x00000000ff380000,0x00000000fff262a0,0x0000000100000000)
  to   space 13824K, 0% used [0x00000000fe500000,0x00000000fe500000,0x00000000ff280000)
 ParOldGen       total 175104K, used 17089K [0x00000000e0000000, 0x00000000eab00000, 0x00000000f5580000)
  object space 175104K, 9% used [0x00000000e0000000,0x00000000e10b0438,0x00000000eab00000)
 Metaspace       used 43253K, capacity 45038K, committed 45184K, reserved 1087488K
  class space    used 6013K, capacity 6442K, committed 6528K, reserved 1048576K
}
Event: 14.959 GC heap before
{Heap before GC invocations=11 (full 2):
 PSYoungGen      total 159744K, used 158872K [0x00000000f5580000, 0x0000000100000000, 0x0000000100000000)
  eden space 146944K, 100% used [0x00000000f5580000,0x00000000fe500000,0x00000000fe500000)
  from space 12800K, 93% used [0x00000000ff380000,0x00000000fff262a0,0x0000000100000000)
  to   space 13824K, 0% used [0x00000000fe500000,0x00000000fe500000,0x00000000ff280000)
 ParOldGen       total 175104K, used 17089K [0x00000000e0000000, 0x00000000eab00000, 0x00000000f5580000)
  object space 175104K, 9% used [0x00000000e0000000,0x00000000e10b0438,0x00000000eab00000)
 Metaspace       used 52123K, capacity 54370K, committed 54400K, reserved 1095680K
  class space    used 7227K, capacity 7778K, committed 7808K, reserved 1048576K
Event: 14.993 GC heap after
Heap after GC invocations=11 (full 2):
 PSYoungGen      total 160768K, used 13810K [0x00000000f5580000, 0x0000000100000000, 0x0000000100000000)
  eden space 146944K, 0% used [0x00000000f5580000,0x00000000f5580000,0x00000000fe500000)
  from space 13824K, 99% used [0x00000000fe500000,0x00000000ff27cad0,0x00000000ff280000)
  to   space 13824K, 0% used [0x00000000ff280000,0x00000000ff280000,0x0000000100000000)
 ParOldGen       total 175104K, used 24149K [0x00000000e0000000, 0x00000000eab00000, 0x00000000f5580000)
  object space 175104K, 13% used [0x00000000e0000000,0x00000000e17955a0,0x00000000eab00000)
 Metaspace       used 52123K, capacity 54370K, committed 54400K, reserved 1095680K
  class space    used 7227K, capacity 7778K, committed 7808K, reserved 1048576K
}
Event: 16.372 GC heap before
{Heap before GC invocations=12 (full 2):
 PSYoungGen      total 160768K, used 90873K [0x00000000f5580000, 0x0000000100000000, 0x0000000100000000)
  eden space 146944K, 52% used [0x00000000f5580000,0x00000000fa0c1b20,0x00000000fe500000)
  from space 13824K, 99% used [0x00000000fe500000,0x00000000ff27cad0,0x00000000ff280000)
  to   space 13824K, 0% used [0x00000000ff280000,0x00000000ff280000,0x0000000100000000)
 ParOldGen       total 175104K, used 24149K [0x00000000e0000000, 0x00000000eab00000, 0x00000000f5580000)
  object space 175104K, 13% used [0x00000000e0000000,0x00000000e17955a0,0x00000000eab00000)
 Metaspace       used 56504K, capacity 58998K, committed 59096K, reserved 1099776K
  class space    used 7898K, capacity 8498K, committed 8576K, reserved 1048576K
Event: 16.393 GC heap after
Heap after GC invocations=12 (full 2):
 PSYoungGen      total 146432K, used 13810K [0x00000000f5580000, 0x0000000100000000, 0x0000000100000000)
  eden space 132608K, 0% used [0x00000000f5580000,0x00000000f5580000,0x00000000fd700000)
  from space 13824K, 99% used [0x00000000ff280000,0x00000000ffffca40,0x0000000100000000)
  to   space 20992K, 0% used [0x00000000fd700000,0x00000000fd700000,0x00000000feb80000)
 ParOldGen       total 175104K, used 31584K [0x00000000e0000000, 0x00000000eab00000, 0x00000000f5580000)
  object space 175104K, 18% used [0x00000000e0000000,0x00000000e1ed80d8,0x00000000eab00000)
 Metaspace       used 56504K, capacity 58998K, committed 59096K, reserved 1099776K
  class space    used 7898K, capacity 8498K, committed 8576K, reserved 1048576K
}
Event: 16.393 GC heap before
{Heap before GC invocations=13 (full 3):
 PSYoungGen      total 146432K, used 13810K [0x00000000f5580000, 0x0000000100000000, 0x0000000100000000)
  eden space 132608K, 0% used [0x00000000f5580000,0x00000000f5580000,0x00000000fd700000)
  from space 13824K, 99% used [0x00000000ff280000,0x00000000ffffca40,0x0000000100000000)
  to   space 20992K, 0% used [0x00000000fd700000,0x00000000fd700000,0x00000000feb80000)
 ParOldGen       total 175104K, used 31584K [0x00000000e0000000, 0x00000000eab00000, 0x00000000f5580000)
  object space 175104K, 18% used [0x00000000e0000000,0x00000000e1ed80d8,0x00000000eab00000)
 Metaspace       used 56504K, capacity 58998K, committed 59096K, reserved 1099776K
  class space    used 7898K, capacity 8498K, committed 8576K, reserved 1048576K
Event: 16.753 GC heap after
Heap after GC invocations=13 (full 3):
 PSYoungGen      total 146432K, used 0K [0x00000000f5580000, 0x0000000100000000, 0x0000000100000000)
  eden space 132608K, 0% used [0x00000000f5580000,0x00000000f5580000,0x00000000fd700000)
  from space 13824K, 0% used [0x00000000ff280000,0x00000000ff280000,0x0000000100000000)
  to   space 20992K, 0% used [0x00000000fd700000,0x00000000fd700000,0x00000000feb80000)
 ParOldGen       total 213504K, used 36457K [0x00000000e0000000, 0x00000000ed080000, 0x00000000f5580000)
  object space 213504K, 17% used [0x00000000e0000000,0x00000000e239a538,0x00000000ed080000)
 Metaspace       used 56466K, capacity 58872K, committed 59096K, reserved 1099776K
  class space    used 7886K, capacity 8477K, committed 8576K, reserved 1048576K
}
Event: 19.093 GC heap before
{Heap before GC invocations=14 (full 3):
 PSYoungGen      total 146432K, used 132608K [0x00000000f5580000, 0x0000000100000000, 0x0000000100000000)
  eden space 132608K, 100% used [0x00000000f5580000,0x00000000fd700000,0x00000000fd700000)
  from space 13824K, 0% used [0x00000000ff280000,0x00000000ff280000,0x0000000100000000)
  to   space 20992K, 0% used [0x00000000fd700000,0x00000000fd700000,0x00000000feb80000)
 ParOldGen       total 213504K, used 36457K [0x00000000e0000000, 0x00000000ed080000, 0x00000000f5580000)
  object space 213504K, 17% used [0x00000000e0000000,0x00000000e239a538,0x00000000ed080000)
 Metaspace       used 62342K, capacity 65444K, committed 65664K, reserved 1105920K
  class space    used 8802K, capacity 9569K, committed 9600K, reserved 1048576K
Event: 19.109 GC heap after
Heap after GC invocations=14 (full 3):
 PSYoungGen      total 148480K, used 15699K [0x00000000f5580000, 0x0000000100000000, 0x0000000100000000)
  eden space 132608K, 0% used [0x00000000f5580000,0x00000000f5580000,0x00000000fd700000)
  from space 15872K, 98% used [0x00000000fd700000,0x00000000fe654ce8,0x00000000fe680000)
  to   space 21504K, 0% used [0x00000000feb00000,0x00000000feb00000,0x0000000100000000)
 ParOldGen       total 213504K, used 36465K [0x00000000e0000000, 0x00000000ed080000, 0x00000000f5580000)
  object space 213504K, 17% used [0x00000000e0000000,0x00000000e239c538,0x00000000ed080000)
 Metaspace       used 62342K, capacity 65444K, committed 65664K, reserved 1105920K
  class space    used 8802K, capacity 9569K, committed 9600K, reserved 1048576K
}

Deoptimization events (10 events):
Event: 20.759 Thread 0x000001eaa523c000 Uncommon trap: reason=class_check action=maybe_recompile pc=0x000001ea907292d0 method=com.google.common.io.CountingInputStream.read()I @ 4
Event: 20.759 Thread 0x000001eaa523c000 Uncommon trap: reason=class_check action=maybe_recompile pc=0x000001ea907292d0 method=com.google.common.io.CountingInputStream.read()I @ 4
Event: 20.759 Thread 0x000001eaa523c000 Uncommon trap: reason=class_check action=maybe_recompile pc=0x000001ea907292d0 method=com.google.common.io.CountingInputStream.read()I @ 4
Event: 20.759 Thread 0x000001eaa523c000 Uncommon trap: reason=class_check action=maybe_recompile pc=0x000001ea9072991c method=com.google.common.io.CountingInputStream.read([BII)I @ 7
Event: 20.759 Thread 0x000001eaa523c000 Uncommon trap: reason=class_check action=maybe_recompile pc=0x000001ea9072991c method=com.google.common.io.CountingInputStream.read([BII)I @ 7
Event: 20.761 Thread 0x000001eaa523c000 Uncommon trap: reason=class_check action=maybe_recompile pc=0x000001ea9072991c method=com.google.common.io.CountingInputStream.read([BII)I @ 7
Event: 20.762 Thread 0x000001eaa523c000 Uncommon trap: reason=unstable_if action=reinterpret pc=0x000001ea918d0ce8 method=java.util.regex.Pattern$GroupTail.match(Ljava/util/regex/Matcher;ILjava/lang/CharSequence;)Z @ 73
Event: 20.786 Thread 0x000001eaa523c000 Uncommon trap: reason=class_check action=maybe_recompile pc=0x000001ea9072991c method=com.google.common.io.CountingInputStream.read([BII)I @ 7
Event: 20.806 Thread 0x000001eaa523c000 Uncommon trap: reason=unstable_if action=reinterpret pc=0x000001ea90a30ed8 method=com.sun.org.apache.xerces.internal.util.SymbolTable.addSymbol([CII)Ljava/lang/String; @ 64
Event: 20.872 Thread 0x000001eaa523c000 Uncommon trap: reason=unstable_if action=reinterpret pc=0x000001ea91d02458 method=com.sun.org.apache.xerces.internal.impl.XMLEntityScanner.skipSpaces()Z @ 273

Classes redefined (0 events):
No events

Internal exceptions (10 events):
Event: 20.214 Thread 0x000001eaa523c000 Exception <a 'java/lang/ClassNotFoundException': build_2nbwxoysjl884u7qo4m21eq32$_run_closure1Customizer> (0x00000000f7e84390) thrown at [C:\jenkins\workspace\8-2-build-windows-amd64-cygwin\jdk8u281\880\hotspot\src\share\vm\classfile\systemDictionary.cpp,
Event: 20.267 Thread 0x000001eaa523c000 Exception <a 'java/lang/ClassNotFoundException': build_f2w2j5ohz20uc7tjlyybt3up9BeanInfo> (0x00000000f8129e90) thrown at [C:\jenkins\workspace\8-2-build-windows-amd64-cygwin\jdk8u281\880\hotspot\src\share\vm\classfile\systemDictionary.cpp, line 212]
Event: 20.267 Thread 0x000001eaa523c000 Exception <a 'java/lang/ClassNotFoundException': build_f2w2j5ohz20uc7tjlyybt3up9Customizer> (0x00000000f8137278) thrown at [C:\jenkins\workspace\8-2-build-windows-amd64-cygwin\jdk8u281\880\hotspot\src\share\vm\classfile\systemDictionary.cpp, line 212]
Event: 20.287 Thread 0x000001eaa523c000 Exception <a 'java/lang/ClassNotFoundException': build_f2w2j5ohz20uc7tjlyybt3up9BeanInfo> (0x00000000f81c5bd0) thrown at [C:\jenkins\workspace\8-2-build-windows-amd64-cygwin\jdk8u281\880\hotspot\src\share\vm\classfile\systemDictionary.cpp, line 212]
Event: 20.287 Thread 0x000001eaa523c000 Exception <a 'java/lang/ClassNotFoundException': build_f2w2j5ohz20uc7tjlyybt3up9Customizer> (0x00000000f81d2f18) thrown at [C:\jenkins\workspace\8-2-build-windows-amd64-cygwin\jdk8u281\880\hotspot\src\share\vm\classfile\systemDictionary.cpp, line 212]
Event: 20.318 Thread 0x000001eaa523c000 Exception <a 'java/lang/ClassNotFoundException': build_f2w2j5ohz20uc7tjlyybt3up9$_run_closure1BeanInfo> (0x00000000f82eff30) thrown at [C:\jenkins\workspace\8-2-build-windows-amd64-cygwin\jdk8u281\880\hotspot\src\share\vm\classfile\systemDictionary.cpp, l
Event: 20.319 Thread 0x000001eaa523c000 Exception <a 'java/lang/ClassNotFoundException': build_f2w2j5ohz20uc7tjlyybt3up9$_run_closure1Customizer> (0x00000000f82ffb58) thrown at [C:\jenkins\workspace\8-2-build-windows-amd64-cygwin\jdk8u281\880\hotspot\src\share\vm\classfile\systemDictionary.cpp,
Event: 20.440 Thread 0x000001eaa523c000 Exception <a 'java/lang/NoSuchMethodError': java.lang.Object.lambda$static$0(Lorg/gradle/api/internal/tasks/TaskDependencyResolveContext;)V> (0x00000000f8a72a48) thrown at [C:\jenkins\workspace\8-2-build-windows-amd64-cygwin\jdk8u281\880\hotspot\src\share
Event: 20.682 Thread 0x000001eaa523c000 Implicit null exception at 0x000001ea90fabda1 to 0x000001ea90fac321
Event: 20.735 Thread 0x000001eaa523c000 Implicit null exception at 0x000001ea90864416 to 0x000001ea908647b1

Events (10 events):
Event: 20.909 loading class org/gradle/api/artifacts/DirectDependenciesMetadata
Event: 20.909 loading class org/gradle/api/artifacts/DirectDependenciesMetadata done
Event: 20.910 loading class org/gradle/api/internal/artifacts/repositories/resolver/DirectDependencyMetadataAdapter
Event: 20.910 loading class org/gradle/api/internal/artifacts/repositories/resolver/DirectDependencyMetadataAdapter done
Event: 20.910 loading class org/gradle/api/internal/artifacts/repositories/resolver/AbstractDependencyMetadataAdapter
Event: 20.910 loading class org/gradle/api/internal/artifacts/repositories/resolver/AbstractDependencyMetadataAdapter done
Event: 20.914 loading class org/gradle/api/artifacts/DirectDependencyMetadata
Event: 20.914 loading class org/gradle/api/artifacts/DirectDependencyMetadata done
Event: 20.960 loading class org/gradle/api/internal/artifacts/ivyservice/resolveengine/excludes/simple/DefaultGroupExclude
Event: 20.960 loading class org/gradle/api/internal/artifacts/ivyservice/resolveengine/excludes/simple/DefaultGroupExclude done


Dynamic libraries:
0x00007ff7f10d0000 - 0x00007ff7f1117000 	C:\Program Files\Java\jdk\bin\java.exe
0x00007ff8cfdb0000 - 0x00007ff8cffa5000 	C:\Windows\SYSTEM32\ntdll.dll
0x00007ff8cdef0000 - 0x00007ff8cdfad000 	C:\Windows\System32\KERNEL32.DLL
0x00007ff8cd550000 - 0x00007ff8cd818000 	C:\Windows\System32\KERNELBASE.dll
0x00007ff8cee80000 - 0x00007ff8cef2c000 	C:\Windows\System32\ADVAPI32.dll
0x00007ff8cf800000 - 0x00007ff8cf89e000 	C:\Windows\System32\msvcrt.dll
0x00007ff8cf6f0000 - 0x00007ff8cf78b000 	C:\Windows\System32\sechost.dll
0x00007ff8cf950000 - 0x00007ff8cfa7b000 	C:\Windows\System32\RPCRT4.dll
0x00007ff8cf520000 - 0x00007ff8cf6c0000 	C:\Windows\System32\USER32.dll
0x00007ff8cd4f0000 - 0x00007ff8cd512000 	C:\Windows\System32\win32u.dll
0x00007ff8cf020000 - 0x00007ff8cf04a000 	C:\Windows\System32\GDI32.dll
0x00007ff8cdd00000 - 0x00007ff8cde0b000 	C:\Windows\System32\gdi32full.dll
0x00007ff8cda30000 - 0x00007ff8cdacd000 	C:\Windows\System32\msvcp_win.dll
0x00007ff8cd880000 - 0x00007ff8cd980000 	C:\Windows\System32\ucrtbase.dll
0x00007ff8b6650000 - 0x00007ff8b68ea000 	C:\Windows\WinSxS\amd64_microsoft.windows.common-controls_6595b64144ccf1df_6.0.19041.844_none_ca00b6081b84eb1d\COMCTL32.dll
0x00007ff8cf6c0000 - 0x00007ff8cf6f0000 	C:\Windows\System32\IMM32.DLL
0x00007ff8b9cd0000 - 0x00007ff8b9ce5000 	C:\Program Files\Java\jdk\jre\bin\vcruntime140.dll
0x00007ff87fb30000 - 0x00007ff87fbcb000 	C:\Program Files\Java\jdk\jre\bin\msvcp140.dll
0x0000000052c30000 - 0x000000005348f000 	C:\Program Files\Java\jdk\jre\bin\server\jvm.dll
0x00007ff8cf7f0000 - 0x00007ff8cf7f8000 	C:\Windows\System32\PSAPI.DLL
0x00007ff8b6de0000 - 0x00007ff8b6e07000 	C:\Windows\SYSTEM32\WINMM.dll
0x00007ff8c75b0000 - 0x00007ff8c75ba000 	C:\Windows\SYSTEM32\VERSION.dll
0x00007ff8c8090000 - 0x00007ff8c8099000 	C:\Windows\SYSTEM32\WSOCK32.dll
0x00007ff8ced80000 - 0x00007ff8cedeb000 	C:\Windows\System32\WS2_32.dll
0x00007ff8cbe10000 - 0x00007ff8cbe22000 	C:\Windows\SYSTEM32\kernel.appcore.dll
0x00007ff8c7860000 - 0x00007ff8c7870000 	C:\Program Files\Java\jdk\jre\bin\verify.dll
0x00007ff8b96b0000 - 0x00007ff8b96db000 	C:\Program Files\Java\jdk\jre\bin\java.dll
0x00007ff8b9690000 - 0x00007ff8b96a8000 	C:\Program Files\Java\jdk\jre\bin\zip.dll
0x00007ff8ce450000 - 0x00007ff8ceb92000 	C:\Windows\System32\SHELL32.dll
0x00007ff8cb610000 - 0x00007ff8cbda1000 	C:\Windows\SYSTEM32\windows.storage.dll
0x00007ff8ce0f0000 - 0x00007ff8ce445000 	C:\Windows\System32\combase.dll
0x00007ff8cce90000 - 0x00007ff8ccebc000 	C:\Windows\SYSTEM32\Wldp.dll
0x00007ff8cecd0000 - 0x00007ff8ced7e000 	C:\Windows\System32\SHCORE.dll
0x00007ff8cec70000 - 0x00007ff8cecc5000 	C:\Windows\System32\shlwapi.dll
0x00007ff8cd430000 - 0x00007ff8cd44f000 	C:\Windows\SYSTEM32\profapi.dll
0x00007ff8b9670000 - 0x00007ff8b968c000 	C:\Program Files\Java\jdk\jre\bin\net.dll
0x00007ff8ccc00000 - 0x00007ff8ccc6a000 	C:\Windows\system32\mswsock.dll
0x00007ff8a27f0000 - 0x00007ff8a2803000 	C:\Program Files\Java\jdk\jre\bin\nio.dll
0x00007ff8ac7b0000 - 0x00007ff8ac7da000 	C:\Users\Tho Xao Dien\.gradle\native\36\windows-amd64\native-platform.dll
0x00007ff8ac7a0000 - 0x00007ff8ac7ad000 	C:\Program Files\Java\jdk\jre\bin\management.dll
0x00007ff8ccde0000 - 0x00007ff8ccdf8000 	C:\Windows\SYSTEM32\CRYPTSP.dll
0x00007ff8cc5a0000 - 0x00007ff8cc5d4000 	C:\Windows\system32\rsaenh.dll
0x00007ff8cd520000 - 0x00007ff8cd547000 	C:\Windows\System32\bcrypt.dll
0x00007ff8cd3f0000 - 0x00007ff8cd41e000 	C:\Windows\SYSTEM32\USERENV.dll
0x00007ff8cdad0000 - 0x00007ff8cdb50000 	C:\Windows\System32\bcryptprimitives.dll
0x00007ff8ccdd0000 - 0x00007ff8ccddc000 	C:\Windows\SYSTEM32\CRYPTBASE.dll
0x00007ff8cc8f0000 - 0x00007ff8cc92b000 	C:\Windows\SYSTEM32\IPHLPAPI.DLL
0x00007ff8ce0e0000 - 0x00007ff8ce0e8000 	C:\Windows\System32\NSI.dll
0x00007ff8cab00000 - 0x00007ff8cab17000 	C:\Windows\SYSTEM32\dhcpcsvc6.DLL
0x00007ff8caae0000 - 0x00007ff8caafd000 	C:\Windows\SYSTEM32\dhcpcsvc.DLL
0x00007ff8cc930000 - 0x00007ff8cc9fc000 	C:\Windows\SYSTEM32\DNSAPI.dll
0x00007ff8cb330000 - 0x00007ff8cb514000 	C:\Windows\SYSTEM32\dbghelp.dll

VM Arguments:
jvm_args: -XX:MaxMetaspaceSize=256m -XX:+HeapDumpOnOutOfMemoryError -Xms256m -Xmx512m -Dfile.encoding=windows-1252 -Duser.country=US -Duser.language=en -Duser.variant -Xmx512M 
java_command: org.gradle.launcher.daemon.bootstrap.GradleDaemon 6.2
java_class_path (initial): C:\Users\Tho Xao Dien\.gradle\wrapper\dists\gradle-6.2-all\dvufqs6kielxeao781pmk5huj\gradle-6.2\lib\gradle-launcher-6.2.jar
Launcher Type: SUN_STANDARD

Environment Variables:
JAVA_HOME=C:\Program Files\Java\jdk
_JAVA_OPTIONS=-Xmx512M
CLASSPATH=E:\KLTN\mobile_app\TheCoffeeShopMobile\android\\gradle\wrapper\gradle-wrapper.jar
PATH=E:\KLTN\mobile_app\TheCoffeeShopMobile\android\node_modules\.bin;E:\KLTN\mobile_app\TheCoffeeShopMobile\node_modules\.bin;E:\KLTN\mobile_app\node_modules\.bin;E:\KLTN\node_modules\.bin;E:\node_modules\.bin;C:\Program Files\nodejs;E:\KLTN\mobile_app\TheCoffeeShopMobile\node_modules\.bin;C:\Program Files (x86)\Common Files\Oracle\Java\javapath;C:\ProgramData\Anaconda3;C:\ProgramData\Anaconda3\Library\mingw-w64\bin;C:\ProgramData\Anaconda3\Library\usr\bin;C:\ProgramData\Anaconda3\Library\bin;C:\ProgramData\Anaconda3\Scripts;C:\Program Files\Common Files\Oracle\Java\javapath;C:\Windows\system32;C:\Windows;C:\Windows\System32\Wbem;C:\Windows\System32\WindowsPowerShell\v1.0\;C:\Windows\System32\OpenSSH\;C:\Program Files\Microsoft SQL Server\130\Tools\Binn\;C:\Program Files\Microsoft SQL Server\Client SDK\ODBC\170\Tools\Binn\;C:\Program Files\Microsoft SQL Server\Client SDK\ODBC\130\Tools\Binn\;C:\Program Files (x86)\Microsoft SQL Server\140\Tools\Binn\;C:\Program Files\Microsoft SQL Server\140\Tools\Binn\;C:\Program Files\Microsoft SQL Server\140\DTS\Binn\;C:\Program Files (x86)\Microsoft SQL Server\150\DTS\Binn\;E:\Git\cmd;C:\Program Files\nodejs\;C:\Program Files\dotnet\;C:\Program Files\MongoDB\Sever\4.0\bin;C:\Program Files (x86)\dotnet\;C:\Users\Public\Android\Sdk\platform-tools;C:\Users\Tho Xao Dien\AppData\Local\Programs\Python\Python39\Scripts\;C:\Users\Tho Xao Dien\AppData\Local\Programs\Python\Python39\;C:\Program Files\MySQL\MySQL Shell 8.0\bin\;C:\Users\Tho Xao Dien\AppData\Local\Microsoft\WindowsApps;C:\Users\Tho Xao Dien\AppData\Local\Programs\Microsoft VS Code\bin;C:\Users\Tho Xao Dien\AppData\Roaming\npm;C:\Users\Tho Xao Dien\AppData\Roaming\npm\node_modules\angular-cli;C:\Users\Tho Xao Dien\.dotnet\tools;E:\Hugo;C:\Program Files\heroku\bin;C:\Program Files\Java\jdk-15.0.1\bin
USERNAME=Tho Xao Dien
OS=Windows_NT
PROCESSOR_IDENTIFIER=Intel64 Family 6 Model 142 Stepping 11, GenuineIntel



---------------  S Y S T E M  ---------------

OS: Windows 10.0 , 64 bit Build 19041 (10.0.19041.928)

CPU:total 8 (initial active 8) (4 cores per cpu, 2 threads per core) family 6 model 142 stepping 11, cmov, cx8, fxsr, mmx, sse, sse2, sse3, ssse3, sse4.1, sse4.2, popcnt, avx, avx2, aes, clmul, erms, 3dnowpref, lzcnt, ht, tsc, tscinvbit, bmi1, bmi2, adx

Memory: 4k page, physical 8273204k(1304596k free), swap 16661812k(71056k free)

vm_info: Java HotSpot(TM) 64-Bit Server VM (25.281-b09) for windows-amd64 JRE (1.8.0_281-b09), built on Dec  9 2020 13:54:07 by "" with MS VC++ 15.9 (VS2017)

time: Wed May 12 18:02:54 2021
timezone: SE Asia Standard Time
elapsed time: 21.027670 seconds (0d 0h 0m 21s)

