#
# There is insufficient memory for the Java Runtime Environment to continue.
# Native memory allocation (malloc) failed to allocate 2252656 bytes for Chunk::new
# Possible reasons:
#   The system is out of physical RAM or swap space
#   The process is running with CompressedOops enabled, and the Java Heap may be blocking the growth of the native heap
# Possible solutions:
#   Reduce memory load on the system
#   Increase physical memory or swap space
#   Check if swap backing store is full
#   Decrease Java heap size (-Xmx/-Xms)
#   Decrease number of Java threads
#   Decrease Java thread stack sizes (-Xss)
#   Set larger code cache with -XX:ReservedCodeCacheSize=
#   JVM is running with Unscaled Compressed Oops mode in which the Java heap is
#     placed in the first 4GB address space. The Java Heap base address is the
#     maximum limit for the native heap growth. Please use -XX:HeapBaseMinAddress
#     to set the Java Heap base and to place the Java Heap above 4GB virtual address.
# This output file may be truncated or incomplete.
#
#  Out of Memory Error (allocation.cpp:389), pid=9524, tid=0x0000000000002688
#
# JRE version: Java(TM) SE Runtime Environment (8.0_281-b09) (build 1.8.0_281-b09)
# Java VM: Java HotSpot(TM) 64-Bit Server VM (25.281-b09 mixed mode windows-amd64 compressed oops)
# Failed to write core dump. Minidumps are not enabled by default on client versions of Windows
#

---------------  T H R E A D  ---------------

Current thread (0x00000165aa8b4800):  JavaThread "C2 CompilerThread2" daemon [_thread_in_native, id=9864, stack(0x00000002e5a00000,0x00000002e5b00000)]

Stack: [0x00000002e5a00000,0x00000002e5b00000]
Native frames: (J=compiled Java code, j=interpreted, Vv=VM code, C=native code)
V  [jvm.dll+0x32e5b9]
V  [jvm.dll+0x275012]
V  [jvm.dll+0x275cbd]
V  [jvm.dll+0x26c6f5]
V  [jvm.dll+0xd51fc]
V  [jvm.dll+0xd59fc]
V  [jvm.dll+0x46f8c3]
V  [jvm.dll+0x4373e0]
V  [jvm.dll+0x4403d5]
V  [jvm.dll+0x43f795]
V  [jvm.dll+0x42a5e7]
V  [jvm.dll+0xabe9b]
V  [jvm.dll+0xaa4fb]
V  [jvm.dll+0x23d6b2]
V  [jvm.dll+0x291cbc]
C  [ucrtbase.dll+0x21bb2]
C  [KERNEL32.DLL+0x17034]
C  [ntdll.dll+0x52651]


Current CompileTask:
C2:  11500 2263   !   4       java.net.URLClassLoader$1::run (63 bytes)


---------------  P R O C E S S  ---------------

Java Threads: ( => current thread )
  0x00000165add74000 JavaThread "Cache worker for execution history cache (C:\Users\Tho Xao Dien\.gradle\caches\6.2\executionHistory)" [_thread_blocked, id=8156, stack(0x00000002e6f00000,0x00000002e7000000)]
  0x00000165add76000 JavaThread "Cache worker for cache directory md-rule (C:\Users\Tho Xao Dien\.gradle\caches\6.2\md-rule)" [_thread_blocked, id=19904, stack(0x00000002e6e00000,0x00000002e6f00000)]
  0x00000165add72800 JavaThread "Cache worker for cache directory md-supplier (C:\Users\Tho Xao Dien\.gradle\caches\6.2\md-supplier)" [_thread_blocked, id=15068, stack(0x00000002e6d00000,0x00000002e6e00000)]
  0x00000165add71800 JavaThread "Cache worker for file hash cache (E:\KLTN\mobile_app\TheCoffeeShopMobile\android\.gradle\6.2\fileHashes)" [_thread_blocked, id=12884, stack(0x00000002e6c00000,0x00000002e6d00000)]
  0x00000165add71000 JavaThread "Cache worker for checksums cache (E:\KLTN\mobile_app\TheCoffeeShopMobile\android\.gradle\checksums)" [_thread_blocked, id=18540, stack(0x00000002e6b00000,0x00000002e6c00000)]
  0x00000165add70000 JavaThread "Cache worker for file hash cache (C:\Users\Tho Xao Dien\.gradle\caches\6.2\fileHashes)" [_thread_blocked, id=4868, stack(0x00000002e6a00000,0x00000002e6b00000)]
  0x00000165add74800 JavaThread "File lock request listener" [_thread_in_native, id=15484, stack(0x00000002e6900000,0x00000002e6a00000)]
  0x00000165add77000 JavaThread "Cache worker for journal cache (C:\Users\Tho Xao Dien\.gradle\caches\journal-1)" [_thread_blocked, id=19088, stack(0x00000002e6800000,0x00000002e6900000)]
  0x00000165adcdc800 JavaThread "Thread-9" [_thread_blocked, id=18916, stack(0x00000002e6700000,0x00000002e6800000)]
  0x00000165adce5000 JavaThread "Stdin handler" [_thread_blocked, id=10172, stack(0x00000002e6600000,0x00000002e6700000)]
  0x00000165adce4000 JavaThread "Asynchronous log dispatcher for DefaultDaemonConnection: socket connection from /127.0.0.1:51851 to /127.0.0.1:51852" [_thread_blocked, id=2284, stack(0x00000002e6500000,0x00000002e6600000)]
  0x00000165adcda000 JavaThread "Daemon worker" [_thread_in_vm, id=14596, stack(0x00000002e6400000,0x00000002e6500000)]
  0x00000165adcd6800 JavaThread "Cancel handler" [_thread_blocked, id=21116, stack(0x00000002e6300000,0x00000002e6400000)]
  0x00000165acaad000 JavaThread "Handler for socket connection from /127.0.0.1:51851 to /127.0.0.1:51852" [_thread_in_native, id=9164, stack(0x00000002e6200000,0x00000002e6300000)]
  0x00000165acaa9000 JavaThread "Daemon" [_thread_blocked, id=19584, stack(0x00000002e6100000,0x00000002e6200000)]
  0x00000165adc75800 JavaThread "Daemon periodic checks" [_thread_blocked, id=16012, stack(0x00000002e6000000,0x00000002e6100000)]
  0x00000165adc82000 JavaThread "Incoming local TCP Connector on port 51851" [_thread_in_native, id=7304, stack(0x00000002e5f00000,0x00000002e6000000)]
  0x00000165ad9ad000 JavaThread "Daemon health stats" [_thread_blocked, id=12492, stack(0x00000002e5e00000,0x00000002e5f00000)]
  0x00000165abc70800 JavaThread "Service Thread" daemon [_thread_blocked, id=16080, stack(0x00000002e5c00000,0x00000002e5d00000)]
  0x00000165aa8b8000 JavaThread "C1 CompilerThread3" daemon [_thread_blocked, id=17728, stack(0x00000002e5b00000,0x00000002e5c00000)]
=>0x00000165aa8b4800 JavaThread "C2 CompilerThread2" daemon [_thread_in_native, id=9864, stack(0x00000002e5a00000,0x00000002e5b00000)]
  0x00000165aa8a2000 JavaThread "C2 CompilerThread1" daemon [_thread_in_native, id=16112, stack(0x00000002e5900000,0x00000002e5a00000)]
  0x00000165aa8a0000 JavaThread "C2 CompilerThread0" daemon [_thread_in_native, id=13580, stack(0x00000002e5800000,0x00000002e5900000)]
  0x00000165aa89c800 JavaThread "Attach Listener" daemon [_thread_blocked, id=11824, stack(0x00000002e5700000,0x00000002e5800000)]
  0x00000165aa898000 JavaThread "Signal Dispatcher" daemon [_thread_blocked, id=4768, stack(0x00000002e5600000,0x00000002e5700000)]
  0x00000165aa875000 JavaThread "Finalizer" daemon [_thread_blocked, id=948, stack(0x00000002e5500000,0x00000002e5600000)]
  0x00000165aa86e000 JavaThread "Reference Handler" daemon [_thread_blocked, id=4268, stack(0x00000002e5400000,0x00000002e5500000)]
  0x0000016597438800 JavaThread "main" [_thread_blocked, id=18344, stack(0x00000002e4a00000,0x00000002e4b00000)]

Other Threads:
  0x00000165aa842800 VMThread [stack: 0x00000002e5300000,0x00000002e5400000] [id=8940]
  0x00000165aa91e800 WatcherThread [stack: 0x00000002e5d00000,0x00000002e5e00000] [id=17900]

VM state:not at safepoint (normal execution)

VM Mutex/Monitor currently owned by a thread:  ([mutex/lock_event])
[0x0000016597434ff0] AdapterHandlerLibrary_lock - owner thread: 0x0000000000000000

heap address: 0x00000000e0000000, size: 512 MB, Compressed Oops mode: 32-bit
Narrow klass base: 0x0000000000000000, Narrow klass shift: 3
Compressed class space size: 1073741824 Address: 0x0000000100000000

Heap:
 PSYoungGen      total 76288K, used 23643K [0x00000000f5580000, 0x00000000fd100000, 0x0000000100000000)
  eden space 65536K, 23% used [0x00000000f5580000,0x00000000f6455108,0x00000000f9580000)
  from space 10752K, 78% used [0x00000000f9580000,0x00000000f9dc1e40,0x00000000fa000000)
  to   space 12288K, 0% used [0x00000000fc500000,0x00000000fc500000,0x00000000fd100000)
 ParOldGen       total 175104K, used 7220K [0x00000000e0000000, 0x00000000eab00000, 0x00000000f5580000)
  object space 175104K, 4% used [0x00000000e0000000,0x00000000e070d090,0x00000000eab00000)
 Metaspace       used 29757K, capacity 30524K, committed 30720K, reserved 1075200K
  class space    used 4069K, capacity 4272K, committed 4352K, reserved 1048576K

Card table byte_map: [0x00000165a8090000,0x00000165a81a0000] byte_map_base: 0x00000165a7990000

Marking Bits: (ParMarkBitMap*) 0x0000000053416ff0
 Begin Bits: [0x00000165a8250000, 0x00000165a8a50000)
 End Bits:   [0x00000165a8a50000, 0x00000165a9250000)

Polling page: 0x0000016598ca0000

CodeCache: size=245760Kb used=9441Kb max_used=9441Kb free=236318Kb
 bounds [0x0000016598cd0000, 0x0000016599610000, 0x00000165a7cd0000]
 total_blobs=3072 nmethods=2395 adapters=589
 compilation: enabled

Compilation events (10 events):
Event: 11.416 Thread 0x00000165aa8b8000 nmethod 2379 0x00000165995f6cd0 code [0x00000165995f6e60, 0x00000165995f7390]
Event: 11.416 Thread 0x00000165aa8b8000 2378       3       sun.reflect.ConstructorAccessorImpl::<init> (5 bytes)
Event: 11.417 Thread 0x00000165aa8b8000 nmethod 2378 0x00000165995f7590 code [0x00000165995f7700, 0x00000165995f7918]
Event: 11.418 Thread 0x00000165aa8b8000 2380       3       org.codehaus.groovy.reflection.ClassInfo::isSAM (13 bytes)
Event: 11.419 Thread 0x00000165aa8b8000 nmethod 2380 0x00000165995f7a10 code [0x00000165995f7b80, 0x00000165995f7dd0]
Event: 11.423 Thread 0x00000165aa8b8000 2382       3       groovyjarjarasm.asm.ByteVector::putUTF8 (144 bytes)
Event: 11.424 Thread 0x00000165aa8b8000 nmethod 2382 0x00000165995f7ed0 code [0x00000165995f80c0, 0x00000165995f8940]
Event: 11.424 Thread 0x00000165aa8b8000 2384       3       groovyjarjarasm.asm.SymbolTable::addConstantUtf8 (98 bytes)
Event: 11.425 Thread 0x00000165aa8b8000 nmethod 2384 0x00000165995f8e10 code [0x00000165995f9000, 0x00000165995f97e0]
Event: 11.426 Thread 0x00000165aa8b8000 2385       3       groovyjarjarasm.asm.Frame::execute (2318 bytes)

GC Heap History (10 events):
Event: 4.979 GC heap before
{Heap before GC invocations=2 (full 0):
 PSYoungGen      total 76288K, used 71289K [0x00000000f5580000, 0x00000000faa80000, 0x0000000100000000)
  eden space 65536K, 100% used [0x00000000f5580000,0x00000000f9580000,0x00000000f9580000)
  from space 10752K, 53% used [0x00000000f9580000,0x00000000f9b1e598,0x00000000fa000000)
  to   space 10752K, 0% used [0x00000000fa000000,0x00000000fa000000,0x00000000faa80000)
 ParOldGen       total 175104K, used 16K [0x00000000e0000000, 0x00000000eab00000, 0x00000000f5580000)
  object space 175104K, 0% used [0x00000000e0000000,0x00000000e0004020,0x00000000eab00000)
 Metaspace       used 14872K, capacity 15230K, committed 15488K, reserved 1062912K
  class space    used 1996K, capacity 2129K, committed 2176K, reserved 1048576K
Event: 4.989 GC heap after
Heap after GC invocations=2 (full 0):
 PSYoungGen      total 76288K, used 9317K [0x00000000f5580000, 0x00000000faa80000, 0x0000000100000000)
  eden space 65536K, 0% used [0x00000000f5580000,0x00000000f5580000,0x00000000f9580000)
  from space 10752K, 86% used [0x00000000fa000000,0x00000000fa919780,0x00000000faa80000)
  to   space 10752K, 0% used [0x00000000f9580000,0x00000000f9580000,0x00000000fa000000)
 ParOldGen       total 175104K, used 24K [0x00000000e0000000, 0x00000000eab00000, 0x00000000f5580000)
  object space 175104K, 0% used [0x00000000e0000000,0x00000000e0006020,0x00000000eab00000)
 Metaspace       used 14872K, capacity 15230K, committed 15488K, reserved 1062912K
  class space    used 1996K, capacity 2129K, committed 2176K, reserved 1048576K
}
Event: 7.578 GC heap before
{Heap before GC invocations=3 (full 0):
 PSYoungGen      total 76288K, used 74853K [0x00000000f5580000, 0x00000000faa80000, 0x0000000100000000)
  eden space 65536K, 100% used [0x00000000f5580000,0x00000000f9580000,0x00000000f9580000)
  from space 10752K, 86% used [0x00000000fa000000,0x00000000fa919780,0x00000000faa80000)
  to   space 10752K, 0% used [0x00000000f9580000,0x00000000f9580000,0x00000000fa000000)
 ParOldGen       total 175104K, used 33K [0x00000000e0000000, 0x00000000eab00000, 0x00000000f5580000)
  object space 175104K, 0% used [0x00000000e0000000,0x00000000e00087e0,0x00000000eab00000)
 Metaspace       used 20067K, capacity 20554K, committed 20736K, reserved 1067008K
  class space    used 2871K, capacity 3017K, committed 3072K, reserved 1048576K
Event: 7.592 GC heap after
Heap after GC invocations=3 (full 0):
 PSYoungGen      total 76288K, used 10744K [0x00000000f5580000, 0x00000000faa80000, 0x0000000100000000)
  eden space 65536K, 0% used [0x00000000f5580000,0x00000000f5580000,0x00000000f9580000)
  from space 10752K, 99% used [0x00000000f9580000,0x00000000f9ffe1f8,0x00000000fa000000)
  to   space 10752K, 0% used [0x00000000fa000000,0x00000000fa000000,0x00000000faa80000)
 ParOldGen       total 175104K, used 875K [0x00000000e0000000, 0x00000000eab00000, 0x00000000f5580000)
  object space 175104K, 0% used [0x00000000e0000000,0x00000000e00dadc0,0x00000000eab00000)
 Metaspace       used 20067K, capacity 20554K, committed 20736K, reserved 1067008K
  class space    used 2871K, capacity 3017K, committed 3072K, reserved 1048576K
}
Event: 7.790 GC heap before
{Heap before GC invocations=4 (full 0):
 PSYoungGen      total 76288K, used 20239K [0x00000000f5580000, 0x00000000faa80000, 0x0000000100000000)
  eden space 65536K, 14% used [0x00000000f5580000,0x00000000f5ec5c40,0x00000000f9580000)
  from space 10752K, 99% used [0x00000000f9580000,0x00000000f9ffe1f8,0x00000000fa000000)
  to   space 10752K, 0% used [0x00000000fa000000,0x00000000fa000000,0x00000000faa80000)
 ParOldGen       total 175104K, used 875K [0x00000000e0000000, 0x00000000eab00000, 0x00000000f5580000)
  object space 175104K, 0% used [0x00000000e0000000,0x00000000e00dadc0,0x00000000eab00000)
 Metaspace       used 20648K, capacity 21212K, committed 21296K, reserved 1067008K
  class space    used 2969K, capacity 3150K, committed 3200K, reserved 1048576K
Event: 7.796 GC heap after
Heap after GC invocations=4 (full 0):
 PSYoungGen      total 76288K, used 7369K [0x00000000f5580000, 0x00000000faa80000, 0x0000000100000000)
  eden space 65536K, 0% used [0x00000000f5580000,0x00000000f5580000,0x00000000f9580000)
  from space 10752K, 68% used [0x00000000fa000000,0x00000000fa732408,0x00000000faa80000)
  to   space 10752K, 0% used [0x00000000f9580000,0x00000000f9580000,0x00000000fa000000)
 ParOldGen       total 175104K, used 883K [0x00000000e0000000, 0x00000000eab00000, 0x00000000f5580000)
  object space 175104K, 0% used [0x00000000e0000000,0x00000000e00dcdc0,0x00000000eab00000)
 Metaspace       used 20648K, capacity 21212K, committed 21296K, reserved 1067008K
  class space    used 2969K, capacity 3150K, committed 3200K, reserved 1048576K
}
Event: 7.796 GC heap before
{Heap before GC invocations=5 (full 1):
 PSYoungGen      total 76288K, used 7369K [0x00000000f5580000, 0x00000000faa80000, 0x0000000100000000)
  eden space 65536K, 0% used [0x00000000f5580000,0x00000000f5580000,0x00000000f9580000)
  from space 10752K, 68% used [0x00000000fa000000,0x00000000fa732408,0x00000000faa80000)
  to   space 10752K, 0% used [0x00000000f9580000,0x00000000f9580000,0x00000000fa000000)
 ParOldGen       total 175104K, used 883K [0x00000000e0000000, 0x00000000eab00000, 0x00000000f5580000)
  object space 175104K, 0% used [0x00000000e0000000,0x00000000e00dcdc0,0x00000000eab00000)
 Metaspace       used 20648K, capacity 21212K, committed 21296K, reserved 1067008K
  class space    used 2969K, capacity 3150K, committed 3200K, reserved 1048576K
Event: 7.847 GC heap after
Heap after GC invocations=5 (full 1):
 PSYoungGen      total 76288K, used 0K [0x00000000f5580000, 0x00000000faa80000, 0x0000000100000000)
  eden space 65536K, 0% used [0x00000000f5580000,0x00000000f5580000,0x00000000f9580000)
  from space 10752K, 0% used [0x00000000fa000000,0x00000000fa000000,0x00000000faa80000)
  to   space 10752K, 0% used [0x00000000f9580000,0x00000000f9580000,0x00000000fa000000)
 ParOldGen       total 175104K, used 7212K [0x00000000e0000000, 0x00000000eab00000, 0x00000000f5580000)
  object space 175104K, 4% used [0x00000000e0000000,0x00000000e070b090,0x00000000eab00000)
 Metaspace       used 20648K, capacity 21212K, committed 21296K, reserved 1067008K
  class space    used 2969K, capacity 3150K, committed 3200K, reserved 1048576K
}
Event: 11.128 GC heap before
{Heap before GC invocations=6 (full 1):
 PSYoungGen      total 76288K, used 65536K [0x00000000f5580000, 0x00000000faa80000, 0x0000000100000000)
  eden space 65536K, 100% used [0x00000000f5580000,0x00000000f9580000,0x00000000f9580000)
  from space 10752K, 0% used [0x00000000fa000000,0x00000000fa000000,0x00000000faa80000)
  to   space 10752K, 0% used [0x00000000f9580000,0x00000000f9580000,0x00000000fa000000)
 ParOldGen       total 175104K, used 7212K [0x00000000e0000000, 0x00000000eab00000, 0x00000000f5580000)
  object space 175104K, 4% used [0x00000000e0000000,0x00000000e070b090,0x00000000eab00000)
 Metaspace       used 29205K, capacity 29900K, committed 30080K, reserved 1075200K
  class space    used 3982K, capacity 4194K, committed 4224K, reserved 1048576K
Event: 11.134 GC heap after
Heap after GC invocations=6 (full 1):
 PSYoungGen      total 76288K, used 8455K [0x00000000f5580000, 0x00000000fd100000, 0x0000000100000000)
  eden space 65536K, 0% used [0x00000000f5580000,0x00000000f5580000,0x00000000f9580000)
  from space 10752K, 78% used [0x00000000f9580000,0x00000000f9dc1e40,0x00000000fa000000)
  to   space 12288K, 0% used [0x00000000fc500000,0x00000000fc500000,0x00000000fd100000)
 ParOldGen       total 175104K, used 7220K [0x00000000e0000000, 0x00000000eab00000, 0x00000000f5580000)
  object space 175104K, 4% used [0x00000000e0000000,0x00000000e070d090,0x00000000eab00000)
 Metaspace       used 29205K, capacity 29900K, committed 30080K, reserved 1075200K
  class space    used 3982K, capacity 4194K, committed 4224K, reserved 1048576K
}

Deoptimization events (10 events):
Event: 10.710 Thread 0x00000165adcda000 Uncommon trap: reason=unstable_if action=reinterpret pc=0x0000016599406b2c method=java.lang.String.regionMatches(ZILjava/lang/String;II)Z @ 41
Event: 10.716 Thread 0x00000165adcda000 Uncommon trap: reason=unstable_if action=reinterpret pc=0x00000165991e885c method=java.lang.ClassLoader.getClassLoadingLock(Ljava/lang/String;)Ljava/lang/Object; @ 6
Event: 10.743 Thread 0x00000165adcda000 Uncommon trap: reason=class_check action=maybe_recompile pc=0x00000165994153e0 method=sun.misc.URLClassPath.getLoader(I)Lsun/misc/URLClassPath$Loader; @ 239
Event: 10.743 Thread 0x00000165adcda000 Uncommon trap: reason=unstable_if action=reinterpret pc=0x00000165991dc9e8 method=java.lang.String.regionMatches(ZILjava/lang/String;II)Z @ 41
Event: 10.765 Thread 0x00000165adcda000 Uncommon trap: reason=class_check action=maybe_recompile pc=0x00000165994153e0 method=sun.misc.URLClassPath.getLoader(I)Lsun/misc/URLClassPath$Loader; @ 239
Event: 11.135 Thread 0x00000165aa86e000 Uncommon trap: reason=unstable_if action=reinterpret pc=0x0000016599218b50 method=java.lang.ref.Reference.tryHandlePending(Z)Z @ 104
Event: 11.262 Thread 0x00000165adcda000 Uncommon trap: reason=unstable_if action=reinterpret pc=0x0000016598fb2944 method=sun.nio.cs.UTF_8$Decoder.decode([BII[C)I @ 30
Event: 11.263 Thread 0x00000165adcda000 Uncommon trap: reason=unstable_if action=reinterpret pc=0x0000016598efad58 method=sun.nio.cs.UTF_8$Encoder.encode([CII[B)I @ 33
Event: 11.288 Thread 0x00000165adcda000 Uncommon trap: reason=class_check action=maybe_recompile pc=0x0000016599415078 method=sun.misc.URLClassPath.getLoader(I)Lsun/misc/URLClassPath$Loader; @ 94
Event: 11.409 Thread 0x00000165adcda000 Uncommon trap: reason=unstable_if action=reinterpret pc=0x0000016599461010 method=java.util.WeakHashMap.put(Ljava/lang/Object;Ljava/lang/Object;)Ljava/lang/Object; @ 59

Classes redefined (0 events):
No events

Internal exceptions (10 events):
Event: 11.362 Thread 0x00000165adcda000 Exception <a 'java/lang/ClassNotFoundException': ReactNativeModulesBeanInfo> (0x00000000f5d186e0) thrown at [C:\jenkins\workspace\8-2-build-windows-amd64-cygwin\jdk8u281\880\hotspot\src\share\vm\classfile\systemDictionary.cpp, line 212]
Event: 11.363 Thread 0x00000165adcda000 Exception <a 'java/lang/ClassNotFoundException': ReactNativeModulesCustomizer> (0x00000000f5d1e6e0) thrown at [C:\jenkins\workspace\8-2-build-windows-amd64-cygwin\jdk8u281\880\hotspot\src\share\vm\classfile\systemDictionary.cpp, line 212]
Event: 11.398 Thread 0x00000165adcda000 Exception <a 'java/lang/ClassNotFoundException': java/util/ArrayListBeanInfo> (0x00000000f5fcfc90) thrown at [C:\jenkins\workspace\8-2-build-windows-amd64-cygwin\jdk8u281\880\hotspot\src\share\vm\classfile\systemDictionary.cpp, line 212]
Event: 11.399 Thread 0x00000165adcda000 Exception <a 'java/lang/ClassNotFoundException': java/util/AbstractListBeanInfo> (0x00000000f5fd3a90) thrown at [C:\jenkins\workspace\8-2-build-windows-amd64-cygwin\jdk8u281\880\hotspot\src\share\vm\classfile\systemDictionary.cpp, line 212]
Event: 11.400 Thread 0x00000165adcda000 Exception <a 'java/lang/ClassNotFoundException': java/util/AbstractCollectionBeanInfo> (0x00000000f5fd7838) thrown at [C:\jenkins\workspace\8-2-build-windows-amd64-cygwin\jdk8u281\880\hotspot\src\share\vm\classfile\systemDictionary.cpp, line 212]
Event: 11.401 Thread 0x00000165adcda000 Exception <a 'java/lang/ClassNotFoundException': java/util/AbstractCollectionCustomizer> (0x00000000f5fdb800) thrown at [C:\jenkins\workspace\8-2-build-windows-amd64-cygwin\jdk8u281\880\hotspot\src\share\vm\classfile\systemDictionary.cpp, line 212]
Event: 11.405 Thread 0x00000165adcda000 Exception <a 'java/lang/ClassNotFoundException': java/util/AbstractListCustomizer> (0x00000000f5fea0a8) thrown at [C:\jenkins\workspace\8-2-build-windows-amd64-cygwin\jdk8u281\880\hotspot\src\share\vm\classfile\systemDictionary.cpp, line 212]
Event: 11.409 Thread 0x00000165adcda000 Exception <a 'java/lang/ClassNotFoundException': java/util/ArrayListCustomizer> (0x00000000f5ffb800) thrown at [C:\jenkins\workspace\8-2-build-windows-amd64-cygwin\jdk8u281\880\hotspot\src\share\vm\classfile\systemDictionary.cpp, line 212]
Event: 11.419 Thread 0x00000165adcda000 Exception <a 'java/lang/ClassNotFoundException': java/lang/RuntimeBeanInfo> (0x00000000f604e808) thrown at [C:\jenkins\workspace\8-2-build-windows-amd64-cygwin\jdk8u281\880\hotspot\src\share\vm\classfile\systemDictionary.cpp, line 212]
Event: 11.420 Thread 0x00000165adcda000 Exception <a 'java/lang/ClassNotFoundException': java/lang/RuntimeCustomizer> (0x00000000f60525f8) thrown at [C:\jenkins\workspace\8-2-build-windows-amd64-cygwin\jdk8u281\880\hotspot\src\share\vm\classfile\systemDictionary.cpp, line 212]

Events (10 events):
Event: 11.419 loading class java/lang/RuntimeCustomizer
Event: 11.419 loading class java/lang/RuntimeCustomizer done
Event: 11.420 loading class java/lang/RuntimeCustomizer
Event: 11.420 loading class java/lang/RuntimeCustomizer done
Event: 11.421 loading class org/codehaus/groovy/runtime/callsite/StaticMetaMethodSite
Event: 11.421 loading class org/codehaus/groovy/runtime/callsite/StaticMetaMethodSite done
Event: 11.424 loading class groovy/lang/GroovyRuntimeException
Event: 11.424 loading class groovy/lang/GroovyRuntimeException done
Event: 11.425 loading class org/codehaus/groovy/classgen/asm/util/TypeUtil
Event: 11.425 loading class org/codehaus/groovy/classgen/asm/util/TypeUtil done


Dynamic libraries:
0x00007ff7395a0000 - 0x00007ff7395e7000 	C:\Program Files\Java\jdk\bin\java.exe
0x00007ff8cfdb0000 - 0x00007ff8cffa5000 	C:\Windows\SYSTEM32\ntdll.dll
0x00007ff8cdef0000 - 0x00007ff8cdfad000 	C:\Windows\System32\KERNEL32.DLL
0x00007ff8cd550000 - 0x00007ff8cd818000 	C:\Windows\System32\KERNELBASE.dll
0x00007ff8cee80000 - 0x00007ff8cef2c000 	C:\Windows\System32\ADVAPI32.dll
0x00007ff8cf800000 - 0x00007ff8cf89e000 	C:\Windows\System32\msvcrt.dll
0x00007ff8cf6f0000 - 0x00007ff8cf78b000 	C:\Windows\System32\sechost.dll
0x00007ff8cf950000 - 0x00007ff8cfa7b000 	C:\Windows\System32\RPCRT4.dll
0x00007ff8cf520000 - 0x00007ff8cf6c0000 	C:\Windows\System32\USER32.dll
0x00007ff8cd4f0000 - 0x00007ff8cd512000 	C:\Windows\System32\win32u.dll
0x00007ff8cf020000 - 0x00007ff8cf04a000 	C:\Windows\System32\GDI32.dll
0x00007ff8cdd00000 - 0x00007ff8cde0b000 	C:\Windows\System32\gdi32full.dll
0x00007ff8cda30000 - 0x00007ff8cdacd000 	C:\Windows\System32\msvcp_win.dll
0x00007ff8cd880000 - 0x00007ff8cd980000 	C:\Windows\System32\ucrtbase.dll
0x00007ff8b6650000 - 0x00007ff8b68ea000 	C:\Windows\WinSxS\amd64_microsoft.windows.common-controls_6595b64144ccf1df_6.0.19041.844_none_ca00b6081b84eb1d\COMCTL32.dll
0x00007ff8cf6c0000 - 0x00007ff8cf6f0000 	C:\Windows\System32\IMM32.DLL
0x00007ff8b6ec0000 - 0x00007ff8b6ed5000 	C:\Program Files\Java\jdk\jre\bin\vcruntime140.dll
0x00007ff8803b0000 - 0x00007ff88044b000 	C:\Program Files\Java\jdk\jre\bin\msvcp140.dll
0x0000000052c30000 - 0x000000005348f000 	C:\Program Files\Java\jdk\jre\bin\server\jvm.dll
0x00007ff8cf7f0000 - 0x00007ff8cf7f8000 	C:\Windows\System32\PSAPI.DLL
0x00007ff8c7030000 - 0x00007ff8c7039000 	C:\Windows\SYSTEM32\WSOCK32.dll
0x00007ff8b6de0000 - 0x00007ff8b6e07000 	C:\Windows\SYSTEM32\WINMM.dll
0x00007ff8ced80000 - 0x00007ff8cedeb000 	C:\Windows\System32\WS2_32.dll
0x00007ff8c75b0000 - 0x00007ff8c75ba000 	C:\Windows\SYSTEM32\VERSION.dll
0x00007ff8cbe10000 - 0x00007ff8cbe22000 	C:\Windows\SYSTEM32\kernel.appcore.dll
0x00007ff8c5cb0000 - 0x00007ff8c5cc0000 	C:\Program Files\Java\jdk\jre\bin\verify.dll
0x00007ff8b2480000 - 0x00007ff8b24ab000 	C:\Program Files\Java\jdk\jre\bin\java.dll
0x00007ff8b4f00000 - 0x00007ff8b4f18000 	C:\Program Files\Java\jdk\jre\bin\zip.dll
0x00007ff8ce450000 - 0x00007ff8ceb92000 	C:\Windows\System32\SHELL32.dll
0x00007ff8cb610000 - 0x00007ff8cbda1000 	C:\Windows\SYSTEM32\windows.storage.dll
0x00007ff8ce0f0000 - 0x00007ff8ce445000 	C:\Windows\System32\combase.dll
0x00007ff8cce90000 - 0x00007ff8ccebc000 	C:\Windows\SYSTEM32\Wldp.dll
0x00007ff8cecd0000 - 0x00007ff8ced7e000 	C:\Windows\System32\SHCORE.dll
0x00007ff8cec70000 - 0x00007ff8cecc5000 	C:\Windows\System32\shlwapi.dll
0x00007ff8cd430000 - 0x00007ff8cd44f000 	C:\Windows\SYSTEM32\profapi.dll
0x00007ff8b0f50000 - 0x00007ff8b0f6c000 	C:\Program Files\Java\jdk\jre\bin\net.dll
0x00007ff8ccc00000 - 0x00007ff8ccc6a000 	C:\Windows\system32\mswsock.dll
0x00007ff8af500000 - 0x00007ff8af513000 	C:\Program Files\Java\jdk\jre\bin\nio.dll
0x00007ff89cd70000 - 0x00007ff89cd9a000 	C:\Users\Tho Xao Dien\.gradle\native\36\windows-amd64\native-platform.dll
0x00007ff8ac4f0000 - 0x00007ff8ac4fd000 	C:\Program Files\Java\jdk\jre\bin\management.dll
0x00007ff8ccde0000 - 0x00007ff8ccdf8000 	C:\Windows\SYSTEM32\CRYPTSP.dll
0x00007ff8cc5a0000 - 0x00007ff8cc5d4000 	C:\Windows\system32\rsaenh.dll
0x00007ff8cd520000 - 0x00007ff8cd547000 	C:\Windows\System32\bcrypt.dll
0x00007ff8cd3f0000 - 0x00007ff8cd41e000 	C:\Windows\SYSTEM32\USERENV.dll
0x00007ff8cdad0000 - 0x00007ff8cdb50000 	C:\Windows\System32\bcryptprimitives.dll
0x00007ff8ccdd0000 - 0x00007ff8ccddc000 	C:\Windows\SYSTEM32\CRYPTBASE.dll
0x00007ff8cc8f0000 - 0x00007ff8cc92b000 	C:\Windows\SYSTEM32\IPHLPAPI.DLL
0x00007ff8ce0e0000 - 0x00007ff8ce0e8000 	C:\Windows\System32\NSI.dll
0x00007ff8cab00000 - 0x00007ff8cab17000 	C:\Windows\SYSTEM32\dhcpcsvc6.DLL
0x00007ff8caae0000 - 0x00007ff8caafd000 	C:\Windows\SYSTEM32\dhcpcsvc.DLL
0x00007ff8cc930000 - 0x00007ff8cc9fc000 	C:\Windows\SYSTEM32\DNSAPI.dll
0x00007ff8cb330000 - 0x00007ff8cb514000 	C:\Windows\SYSTEM32\dbghelp.dll

VM Arguments:
jvm_args: -XX:MaxMetaspaceSize=256m -XX:+HeapDumpOnOutOfMemoryError -Xms256m -Xmx512m -Dfile.encoding=windows-1252 -Duser.country=US -Duser.language=en -Duser.variant -Xmx512M 
java_command: org.gradle.launcher.daemon.bootstrap.GradleDaemon 6.2
java_class_path (initial): C:\Users\Tho Xao Dien\.gradle\wrapper\dists\gradle-6.2-all\dvufqs6kielxeao781pmk5huj\gradle-6.2\lib\gradle-launcher-6.2.jar
Launcher Type: SUN_STANDARD

Environment Variables:
JAVA_HOME=C:\Program Files\Java\jdk
_JAVA_OPTIONS=-Xmx512M
CLASSPATH=E:\KLTN\mobile_app\TheCoffeeShopMobile\android\\gradle\wrapper\gradle-wrapper.jar
PATH=E:\KLTN\mobile_app\TheCoffeeShopMobile\android\node_modules\.bin;E:\KLTN\mobile_app\TheCoffeeShopMobile\node_modules\.bin;E:\KLTN\mobile_app\node_modules\.bin;E:\KLTN\node_modules\.bin;E:\node_modules\.bin;C:\Program Files\nodejs;E:\KLTN\mobile_app\TheCoffeeShopMobile\node_modules\.bin;C:\Program Files (x86)\Common Files\Oracle\Java\javapath;C:\ProgramData\Anaconda3;C:\ProgramData\Anaconda3\Library\mingw-w64\bin;C:\ProgramData\Anaconda3\Library\usr\bin;C:\ProgramData\Anaconda3\Library\bin;C:\ProgramData\Anaconda3\Scripts;C:\Program Files\Common Files\Oracle\Java\javapath;C:\Windows\system32;C:\Windows;C:\Windows\System32\Wbem;C:\Windows\System32\WindowsPowerShell\v1.0\;C:\Windows\System32\OpenSSH\;C:\Program Files\Microsoft SQL Server\130\Tools\Binn\;C:\Program Files\Microsoft SQL Server\Client SDK\ODBC\170\Tools\Binn\;C:\Program Files\Microsoft SQL Server\Client SDK\ODBC\130\Tools\Binn\;C:\Program Files (x86)\Microsoft SQL Server\140\Tools\Binn\;C:\Program Files\Microsoft SQL Server\140\Tools\Binn\;C:\Program Files\Microsoft SQL Server\140\DTS\Binn\;C:\Program Files (x86)\Microsoft SQL Server\150\DTS\Binn\;E:\Git\cmd;C:\Program Files\nodejs\;C:\Program Files\dotnet\;C:\Program Files\MongoDB\Sever\4.0\bin;C:\Program Files (x86)\dotnet\;C:\Users\Public\Android\Sdk\platform-tools;C:\Users\Tho Xao Dien\AppData\Local\Programs\Python\Python39\Scripts\;C:\Users\Tho Xao Dien\AppData\Local\Programs\Python\Python39\;C:\Program Files\MySQL\MySQL Shell 8.0\bin\;C:\Users\Tho Xao Dien\AppData\Local\Microsoft\WindowsApps;C:\Users\Tho Xao Dien\AppData\Local\Programs\Microsoft VS Code\bin;C:\Users\Tho Xao Dien\AppData\Roaming\npm;C:\Users\Tho Xao Dien\AppData\Roaming\npm\node_modules\angular-cli;C:\Users\Tho Xao Dien\.dotnet\tools;E:\Hugo;C:\Program Files\heroku\bin;C:\Program Files\Java\jdk-15.0.1\bin
USERNAME=Tho Xao Dien
OS=Windows_NT
PROCESSOR_IDENTIFIER=Intel64 Family 6 Model 142 Stepping 11, GenuineIntel



---------------  S Y S T E M  ---------------

OS: Windows 10.0 , 64 bit Build 19041 (10.0.19041.928)

CPU:total 8 (initial active 8) (4 cores per cpu, 2 threads per core) family 6 model 142 stepping 11, cmov, cx8, fxsr, mmx, sse, sse2, sse3, ssse3, sse4.1, sse4.2, popcnt, avx, avx2, aes, clmul, erms, 3dnowpref, lzcnt, ht, tsc, tscinvbit, bmi1, bmi2, adx

Memory: 4k page, physical 8273204k(2293316k free), swap 16661812k(544k free)

vm_info: Java HotSpot(TM) 64-Bit Server VM (25.281-b09) for windows-amd64 JRE (1.8.0_281-b09), built on Dec  9 2020 13:54:07 by "" with MS VC++ 15.9 (VS2017)

time: Tue May 11 19:50:00 2021
timezone: SE Asia Standard Time
elapsed time: 11.513685 seconds (0d 0h 0m 11s)

