#
# There is insufficient memory for the Java Runtime Environment to continue.
# Native memory allocation (malloc) failed to allocate 1822416 bytes for Chunk::new
# Possible reasons:
#   The system is out of physical RAM or swap space
#   The process is running with CompressedOops enabled, and the Java Heap may be blocking the growth of the native heap
# Possible solutions:
#   Reduce memory load on the system
#   Increase physical memory or swap space
#   Check if swap backing store is full
#   Decrease Java heap size (-Xmx/-Xms)
#   Decrease number of Java threads
#   Decrease Java thread stack sizes (-Xss)
#   Set larger code cache with -XX:ReservedCodeCacheSize=
#   JVM is running with Unscaled Compressed Oops mode in which the Java heap is
#     placed in the first 4GB address space. The Java Heap base address is the
#     maximum limit for the native heap growth. Please use -XX:HeapBaseMinAddress
#     to set the Java Heap base and to place the Java Heap above 4GB virtual address.
# This output file may be truncated or incomplete.
#
#  Out of Memory Error (allocation.cpp:389), pid=6684, tid=0x0000000000004a78
#
# JRE version: Java(TM) SE Runtime Environment (8.0_281-b09) (build 1.8.0_281-b09)
# Java VM: Java HotSpot(TM) 64-Bit Server VM (25.281-b09 mixed mode windows-amd64 compressed oops)
# Failed to write core dump. Minidumps are not enabled by default on client versions of Windows
#

---------------  T H R E A D  ---------------

Current thread (0x000001f44e579000):  JavaThread "C2 CompilerThread2" daemon [_thread_in_native, id=19064, stack(0x0000004748d00000,0x0000004748e00000)]

Stack: [0x0000004748d00000,0x0000004748e00000]
Native frames: (J=compiled Java code, j=interpreted, Vv=VM code, C=native code)
V  [jvm.dll+0x32e5b9]
V  [jvm.dll+0x275012]
V  [jvm.dll+0x275cbd]
V  [jvm.dll+0x26c6f5]
V  [jvm.dll+0xd51fc]
V  [jvm.dll+0xd59fc]
V  [jvm.dll+0x46f8c3]
V  [jvm.dll+0x4373e0]
V  [jvm.dll+0x4403d5]
V  [jvm.dll+0x43f795]
V  [jvm.dll+0x42a5e7]
V  [jvm.dll+0xabe9b]
V  [jvm.dll+0xaa4fb]
V  [jvm.dll+0x23d6b2]
V  [jvm.dll+0x291cbc]
C  [ucrtbase.dll+0x21bb2]
C  [KERNEL32.DLL+0x17034]
C  [ntdll.dll+0x52651]


Current CompileTask:
C2:  17042 4644 %     4       groovy.lang.MetaClassImpl::inheritInterfaceNewMetaMethods @ 45 (199 bytes)


---------------  P R O C E S S  ---------------

Java Threads: ( => current thread )
  0x000001f44fa8c800 JavaThread "Cache worker for Build Output Cleanup Cache (E:\KLTN\mobile_app\TheCoffeeShopMobile\android\.gradle\buildOutputCleanup)" [_thread_blocked, id=10152, stack(0x000000474ac00000,0x000000474ad00000)]
  0x000001f44fa89800 JavaThread "pool-1-thread-1" [_thread_blocked, id=14176, stack(0x000000474ab00000,0x000000474ac00000)]
  0x000001f44fa86800 JavaThread "Build operations Thread 8" [_thread_blocked, id=8996, stack(0x000000474aa00000,0x000000474ab00000)]
  0x000001f44fa85800 JavaThread "Build operations Thread 7" [_thread_blocked, id=20956, stack(0x000000474a900000,0x000000474aa00000)]
  0x000001f44fa88800 JavaThread "Build operations Thread 6" [_thread_blocked, id=17896, stack(0x000000474a800000,0x000000474a900000)]
  0x000001f44fa8b800 JavaThread "Build operations Thread 5" [_thread_blocked, id=10884, stack(0x000000474a700000,0x000000474a800000)]
  0x000001f44fa8b000 JavaThread "Build operations Thread 4" [_thread_blocked, id=20116, stack(0x000000474a600000,0x000000474a700000)]
  0x000001f44fa83800 JavaThread "Build operations Thread 3" [_thread_blocked, id=18712, stack(0x000000474a500000,0x000000474a600000)]
  0x000001f44fa82000 JavaThread "Build operations Thread 2" [_thread_blocked, id=18224, stack(0x000000474a400000,0x000000474a500000)]
  0x000001f44fa87000 JavaThread "Build operations" [_thread_blocked, id=1108, stack(0x000000474a300000,0x000000474a400000)]
  0x000001f44e57e000 JavaThread "Cache worker for execution history cache (C:\Users\Tho Xao Dien\.gradle\caches\6.2\executionHistory)" [_thread_blocked, id=17548, stack(0x000000474a200000,0x000000474a300000)]
  0x000001f44e57c800 JavaThread "Cache worker for cache directory md-rule (C:\Users\Tho Xao Dien\.gradle\caches\6.2\md-rule)" [_thread_blocked, id=8224, stack(0x000000474a100000,0x000000474a200000)]
  0x000001f44e583800 JavaThread "Cache worker for cache directory md-supplier (C:\Users\Tho Xao Dien\.gradle\caches\6.2\md-supplier)" [_thread_blocked, id=13244, stack(0x000000474a000000,0x000000474a100000)]
  0x000001f44e582800 JavaThread "Cache worker for file hash cache (E:\KLTN\mobile_app\TheCoffeeShopMobile\android\.gradle\6.2\fileHashes)" [_thread_blocked, id=15204, stack(0x0000004749f00000,0x000000474a000000)]
  0x000001f44e57f000 JavaThread "Cache worker for checksums cache (E:\KLTN\mobile_app\TheCoffeeShopMobile\android\.gradle\checksums)" [_thread_blocked, id=10512, stack(0x0000004749e00000,0x0000004749f00000)]
  0x000001f44e57f800 JavaThread "Cache worker for file hash cache (C:\Users\Tho Xao Dien\.gradle\caches\6.2\fileHashes)" [_thread_blocked, id=12996, stack(0x0000004749d00000,0x0000004749e00000)]
  0x000001f44e582000 JavaThread "File lock request listener" [_thread_in_native, id=16480, stack(0x0000004749c00000,0x0000004749d00000)]
  0x000001f44e580800 JavaThread "Cache worker for journal cache (C:\Users\Tho Xao Dien\.gradle\caches\journal-1)" [_thread_blocked, id=14908, stack(0x0000004749b00000,0x0000004749c00000)]
  0x000001f451759000 JavaThread "Thread-9" [_thread_blocked, id=3616, stack(0x0000004749a00000,0x0000004749b00000)]
  0x000001f451761800 JavaThread "Stdin handler" [_thread_blocked, id=19072, stack(0x0000004749900000,0x0000004749a00000)]
  0x000001f451763000 JavaThread "Asynchronous log dispatcher for DefaultDaemonConnection: socket connection from /127.0.0.1:55785 to /127.0.0.1:55786" [_thread_blocked, id=1040, stack(0x0000004749800000,0x0000004749900000)]
  0x000001f451750800 JavaThread "Daemon worker" [_thread_in_native, id=17804, stack(0x0000004749700000,0x0000004749800000)]
  0x000001f45174e800 JavaThread "Cancel handler" [_thread_blocked, id=11032, stack(0x0000004749600000,0x0000004749700000)]
  0x000001f451736800 JavaThread "Handler for socket connection from /127.0.0.1:55785 to /127.0.0.1:55786" [_thread_in_native, id=5248, stack(0x0000004749500000,0x0000004749600000)]
  0x000001f451732000 JavaThread "Daemon" [_thread_blocked, id=18316, stack(0x0000004749400000,0x0000004749500000)]
  0x000001f451695800 JavaThread "Daemon periodic checks" [_thread_blocked, id=18964, stack(0x0000004749300000,0x0000004749400000)]
  0x000001f4516d2000 JavaThread "Incoming local TCP Connector on port 55785" [_thread_in_native, id=21356, stack(0x0000004749200000,0x0000004749300000)]
  0x000001f451578800 JavaThread "Daemon health stats" [_thread_blocked, id=16892, stack(0x0000004749100000,0x0000004749200000)]
  0x000001f44f930800 JavaThread "Service Thread" daemon [_thread_blocked, id=6092, stack(0x0000004748f00000,0x0000004749000000)]
  0x000001f44e581000 JavaThread "C1 CompilerThread3" daemon [_thread_blocked, id=1660, stack(0x0000004748e00000,0x0000004748f00000)]
=>0x000001f44e579000 JavaThread "C2 CompilerThread2" daemon [_thread_in_native, id=19064, stack(0x0000004748d00000,0x0000004748e00000)]
  0x000001f44e560800 JavaThread "C2 CompilerThread1" daemon [_thread_blocked, id=16344, stack(0x0000004748c00000,0x0000004748d00000)]
  0x000001f44e55e800 JavaThread "C2 CompilerThread0" daemon [_thread_blocked, id=4500, stack(0x0000004748b00000,0x0000004748c00000)]
  0x000001f44e573000 JavaThread "Attach Listener" daemon [_thread_blocked, id=10480, stack(0x0000004748a00000,0x0000004748b00000)]
  0x000001f44e572000 JavaThread "Signal Dispatcher" daemon [_thread_blocked, id=12724, stack(0x0000004748900000,0x0000004748a00000)]
  0x000001f44e547000 JavaThread "Finalizer" daemon [_thread_blocked, id=14292, stack(0x0000004748800000,0x0000004748900000)]
  0x000001f44e538800 JavaThread "Reference Handler" daemon [_thread_blocked, id=12512, stack(0x0000004748700000,0x0000004748800000)]
  0x000001f43b139800 JavaThread "main" [_thread_blocked, id=13508, stack(0x0000004747d00000,0x0000004747e00000)]

Other Threads:
  0x000001f44d94d800 VMThread [stack: 0x0000004748600000,0x0000004748700000] [id=15712]
  0x000001f44f934000 WatcherThread [stack: 0x0000004749000000,0x0000004749100000] [id=13360]

VM state:not at safepoint (normal execution)

VM Mutex/Monitor currently owned by a thread: None

heap address: 0x00000000e0000000, size: 512 MB, Compressed Oops mode: 32-bit
Narrow klass base: 0x0000000000000000, Narrow klass shift: 3
Compressed class space size: 1073741824 Address: 0x0000000100000000

Heap:
 PSYoungGen      total 158720K, used 123439K [0x00000000f5580000, 0x0000000100000000, 0x0000000100000000)
  eden space 145920K, 75% used [0x00000000f5580000,0x00000000fc1921a8,0x00000000fe400000)
  from space 12800K, 99% used [0x00000000ff380000,0x00000000ffff9d08,0x0000000100000000)
  to   space 14336K, 0% used [0x00000000fe400000,0x00000000fe400000,0x00000000ff200000)
 ParOldGen       total 175104K, used 17134K [0x00000000e0000000, 0x00000000eab00000, 0x00000000f5580000)
  object space 175104K, 9% used [0x00000000e0000000,0x00000000e10bbab8,0x00000000eab00000)
 Metaspace       used 48862K, capacity 50820K, committed 51072K, reserved 1093632K
  class space    used 6760K, capacity 7278K, committed 7296K, reserved 1048576K

Card table byte_map: [0x000001f44bd90000,0x000001f44bea0000] byte_map_base: 0x000001f44b690000

Marking Bits: (ParMarkBitMap*) 0x0000000053416ff0
 Begin Bits: [0x000001f44bf50000, 0x000001f44c750000)
 End Bits:   [0x000001f44c750000, 0x000001f44cf50000)

Polling page: 0x000001f43b0c0000

CodeCache: size=245760Kb used=15134Kb max_used=15173Kb free=230625Kb
 bounds [0x000001f43c9d0000, 0x000001f43d8d0000, 0x000001f44b9d0000]
 total_blobs=4967 nmethods=4188 adapters=690
 compilation: enabled

Compilation events (10 events):
Event: 14.841 Thread 0x000001f44e579000 nmethod 4643 0x000001f43d85c110 code [0x000001f43d85c280, 0x000001f43d85c588]
Event: 14.841 Thread 0x000001f44e579000 4644 %     4       groovy.lang.MetaClassImpl::inheritInterfaceNewMetaMethods @ 45 (199 bytes)
Event: 14.858 Thread 0x000001f44e55e800 nmethod 4456 0x000001f43d86fd90 code [0x000001f43d8708a0, 0x000001f43d87baf0]
Event: 14.860 Thread 0x000001f44e55e800 4641   !   4       java.lang.reflect.Executable::sharedToGenericString (329 bytes)
Event: 15.005 Thread 0x000001f44e560800 nmethod 4458 0x000001f43d896490 code [0x000001f43d896fc0, 0x000001f43d8a28e0]
Event: 15.005 Thread 0x000001f44e560800 4634       4       java.lang.reflect.Method::getTypeParameters (26 bytes)
Event: 15.037 Thread 0x000001f44e560800 nmethod 4634 0x000001f43d858c10 code [0x000001f43d858de0, 0x000001f43d859748]
Event: 15.473 Thread 0x000001f44e55e800 nmethod 4641 0x000001f43d8b33d0 code [0x000001f43d8b39a0, 0x000001f43d8ba930]
Event: 16.395 Thread 0x000001f44e560800 4652       4       java.util.concurrent.locks.ReentrantLock$Sync::nonfairTryAcquire (67 bytes)
Event: 16.398 Thread 0x000001f44e560800 nmethod 4652 0x000001f43d84f450 code [0x000001f43d84f580, 0x000001f43d84f678]

GC Heap History (10 events):
Event: 3.741 GC heap before
{Heap before GC invocations=6 (full 1):
 PSYoungGen      total 76288K, used 65536K [0x00000000f5580000, 0x00000000fea80000, 0x0000000100000000)
  eden space 65536K, 100% used [0x00000000f5580000,0x00000000f9580000,0x00000000f9580000)
  from space 10752K, 0% used [0x00000000fa000000,0x00000000fa000000,0x00000000faa80000)
  to   space 10752K, 0% used [0x00000000f9580000,0x00000000f9580000,0x00000000fa000000)
 ParOldGen       total 175104K, used 7311K [0x00000000e0000000, 0x00000000eab00000, 0x00000000f5580000)
  object space 175104K, 4% used [0x00000000e0000000,0x00000000e0723e90,0x00000000eab00000)
 Metaspace       used 29279K, capacity 30002K, committed 30208K, reserved 1075200K
  class space    used 4009K, capacity 4227K, committed 4352K, reserved 1048576K
Event: 3.746 GC heap after
Heap after GC invocations=6 (full 1):
 PSYoungGen      total 76288K, used 8410K [0x00000000f5580000, 0x00000000fd680000, 0x0000000100000000)
  eden space 65536K, 0% used [0x00000000f5580000,0x00000000f5580000,0x00000000f9580000)
  from space 10752K, 78% used [0x00000000f9580000,0x00000000f9db6a68,0x00000000fa000000)
  to   space 12288K, 0% used [0x00000000fca80000,0x00000000fca80000,0x00000000fd680000)
 ParOldGen       total 175104K, used 7319K [0x00000000e0000000, 0x00000000eab00000, 0x00000000f5580000)
  object space 175104K, 4% used [0x00000000e0000000,0x00000000e0725e90,0x00000000eab00000)
 Metaspace       used 29279K, capacity 30002K, committed 30208K, reserved 1075200K
  class space    used 4009K, capacity 4227K, committed 4352K, reserved 1048576K
}
Event: 7.789 GC heap before
{Heap before GC invocations=7 (full 1):
 PSYoungGen      total 76288K, used 73946K [0x00000000f5580000, 0x00000000fd680000, 0x0000000100000000)
  eden space 65536K, 100% used [0x00000000f5580000,0x00000000f9580000,0x00000000f9580000)
  from space 10752K, 78% used [0x00000000f9580000,0x00000000f9db6a68,0x00000000fa000000)
  to   space 12288K, 0% used [0x00000000fca80000,0x00000000fca80000,0x00000000fd680000)
 ParOldGen       total 175104K, used 7319K [0x00000000e0000000, 0x00000000eab00000, 0x00000000f5580000)
  object space 175104K, 4% used [0x00000000e0000000,0x00000000e0725e90,0x00000000eab00000)
 Metaspace       used 32195K, capacity 33052K, committed 33152K, reserved 1077248K
  class space    used 4492K, capacity 4717K, committed 4736K, reserved 1048576K
Event: 7.802 GC heap after
Heap after GC invocations=7 (full 1):
 PSYoungGen      total 114176K, used 10136K [0x00000000f5580000, 0x00000000fd480000, 0x0000000100000000)
  eden space 103936K, 0% used [0x00000000f5580000,0x00000000f5580000,0x00000000fbb00000)
  from space 10240K, 98% used [0x00000000fca80000,0x00000000fd466258,0x00000000fd480000)
  to   space 12288K, 0% used [0x00000000fbc80000,0x00000000fbc80000,0x00000000fc880000)
 ParOldGen       total 175104K, used 7327K [0x00000000e0000000, 0x00000000eab00000, 0x00000000f5580000)
  object space 175104K, 4% used [0x00000000e0000000,0x00000000e0727e90,0x00000000eab00000)
 Metaspace       used 32195K, capacity 33052K, committed 33152K, reserved 1077248K
  class space    used 4492K, capacity 4717K, committed 4736K, reserved 1048576K
}
Event: 8.530 GC heap before
{Heap before GC invocations=8 (full 1):
 PSYoungGen      total 114176K, used 51364K [0x00000000f5580000, 0x00000000fd480000, 0x0000000100000000)
  eden space 103936K, 39% used [0x00000000f5580000,0x00000000f7dc2e10,0x00000000fbb00000)
  from space 10240K, 98% used [0x00000000fca80000,0x00000000fd466258,0x00000000fd480000)
  to   space 12288K, 0% used [0x00000000fbc80000,0x00000000fbc80000,0x00000000fc880000)
 ParOldGen       total 175104K, used 7327K [0x00000000e0000000, 0x00000000eab00000, 0x00000000f5580000)
  object space 175104K, 4% used [0x00000000e0000000,0x00000000e0727e90,0x00000000eab00000)
 Metaspace       used 34299K, capacity 35328K, committed 35456K, reserved 1079296K
  class space    used 4822K, capacity 5121K, committed 5248K, reserved 1048576K
Event: 8.544 GC heap after
Heap after GC invocations=8 (full 1):
 PSYoungGen      total 117760K, used 10641K [0x00000000f5580000, 0x0000000100000000, 0x0000000100000000)
  eden space 105472K, 0% used [0x00000000f5580000,0x00000000f5580000,0x00000000fbc80000)
  from space 12288K, 86% used [0x00000000fbc80000,0x00000000fc6e4550,0x00000000fc880000)
  to   space 12800K, 0% used [0x00000000ff380000,0x00000000ff380000,0x0000000100000000)
 ParOldGen       total 175104K, used 7335K [0x00000000e0000000, 0x00000000eab00000, 0x00000000f5580000)
  object space 175104K, 4% used [0x00000000e0000000,0x00000000e0729e90,0x00000000eab00000)
 Metaspace       used 34299K, capacity 35328K, committed 35456K, reserved 1079296K
  class space    used 4822K, capacity 5121K, committed 5248K, reserved 1048576K
}
Event: 8.544 GC heap before
{Heap before GC invocations=9 (full 2):
 PSYoungGen      total 117760K, used 10641K [0x00000000f5580000, 0x0000000100000000, 0x0000000100000000)
  eden space 105472K, 0% used [0x00000000f5580000,0x00000000f5580000,0x00000000fbc80000)
  from space 12288K, 86% used [0x00000000fbc80000,0x00000000fc6e4550,0x00000000fc880000)
  to   space 12800K, 0% used [0x00000000ff380000,0x00000000ff380000,0x0000000100000000)
 ParOldGen       total 175104K, used 7335K [0x00000000e0000000, 0x00000000eab00000, 0x00000000f5580000)
  object space 175104K, 4% used [0x00000000e0000000,0x00000000e0729e90,0x00000000eab00000)
 Metaspace       used 34299K, capacity 35328K, committed 35456K, reserved 1079296K
  class space    used 4822K, capacity 5121K, committed 5248K, reserved 1048576K
Event: 8.613 GC heap after
Heap after GC invocations=9 (full 2):
 PSYoungGen      total 117760K, used 0K [0x00000000f5580000, 0x0000000100000000, 0x0000000100000000)
  eden space 105472K, 0% used [0x00000000f5580000,0x00000000f5580000,0x00000000fbc80000)
  from space 12288K, 0% used [0x00000000fbc80000,0x00000000fbc80000,0x00000000fc880000)
  to   space 12800K, 0% used [0x00000000ff380000,0x00000000ff380000,0x0000000100000000)
 ParOldGen       total 175104K, used 17078K [0x00000000e0000000, 0x00000000eab00000, 0x00000000f5580000)
  object space 175104K, 9% used [0x00000000e0000000,0x00000000e10adab8,0x00000000eab00000)
 Metaspace       used 34299K, capacity 35328K, committed 35456K, reserved 1079296K
  class space    used 4822K, capacity 5121K, committed 5248K, reserved 1048576K
}
Event: 11.619 GC heap before
{Heap before GC invocations=10 (full 2):
 PSYoungGen      total 117760K, used 105472K [0x00000000f5580000, 0x0000000100000000, 0x0000000100000000)
  eden space 105472K, 100% used [0x00000000f5580000,0x00000000fbc80000,0x00000000fbc80000)
  from space 12288K, 0% used [0x00000000fbc80000,0x00000000fbc80000,0x00000000fc880000)
  to   space 12800K, 0% used [0x00000000ff380000,0x00000000ff380000,0x0000000100000000)
 ParOldGen       total 175104K, used 17078K [0x00000000e0000000, 0x00000000eab00000, 0x00000000f5580000)
  object space 175104K, 9% used [0x00000000e0000000,0x00000000e10adab8,0x00000000eab00000)
 Metaspace       used 43535K, capacity 45264K, committed 45440K, reserved 1087488K
  class space    used 6028K, capacity 6463K, committed 6528K, reserved 1048576K
Event: 11.649 GC heap after
Heap after GC invocations=10 (full 2):
 PSYoungGen      total 158720K, used 12775K [0x00000000f5580000, 0x0000000100000000, 0x0000000100000000)
  eden space 145920K, 0% used [0x00000000f5580000,0x00000000f5580000,0x00000000fe400000)
  from space 12800K, 99% used [0x00000000ff380000,0x00000000ffff9d08,0x0000000100000000)
  to   space 14336K, 0% used [0x00000000fe400000,0x00000000fe400000,0x00000000ff200000)
 ParOldGen       total 175104K, used 17134K [0x00000000e0000000, 0x00000000eab00000, 0x00000000f5580000)
  object space 175104K, 9% used [0x00000000e0000000,0x00000000e10bbab8,0x00000000eab00000)
 Metaspace       used 43535K, capacity 45264K, committed 45440K, reserved 1087488K
  class space    used 6028K, capacity 6463K, committed 6528K, reserved 1048576K
}

Deoptimization events (10 events):
Event: 13.935 Thread 0x000001f451750800 Uncommon trap: reason=bimorphic action=maybe_recompile pc=0x000001f43d3d12e8 method=org.codehaus.groovy.runtime.metaclass.MetaMethodIndex.addMethodToList(Ljava/lang/Object;Lgroovy/lang/MetaMethod;)Ljava/lang/Object; @ 283
Event: 13.935 Thread 0x000001f451750800 Uncommon trap: reason=bimorphic action=maybe_recompile pc=0x000001f43d3d12e8 method=org.codehaus.groovy.runtime.metaclass.MetaMethodIndex.addMethodToList(Ljava/lang/Object;Lgroovy/lang/MetaMethod;)Ljava/lang/Object; @ 283
Event: 14.397 Thread 0x000001f451750800 Uncommon trap: reason=class_check action=maybe_recompile pc=0x000001f43d07b2d4 method=java.lang.Throwable.<init>(Ljava/lang/String;Ljava/lang/Throwable;)V @ 24
Event: 14.402 Thread 0x000001f451750800 Uncommon trap: reason=unstable_if action=reinterpret pc=0x000001f43cea6e88 method=org.gradle.internal.logging.text.AbstractLineChoppingStyledTextOutput$2.execute(Lorg/gradle/internal/logging/text/AbstractLineChoppingStyledTextOutput$StateContext;)V @ 30
Event: 14.423 Thread 0x000001f451750800 Uncommon trap: reason=unstable_if action=reinterpret pc=0x000001f43d7961bc method=org.codehaus.groovy.runtime.metaclass.MetaMethodIndex.addMethodToList(Ljava/lang/Object;Lgroovy/lang/MetaMethod;)Ljava/lang/Object; @ 256
Event: 14.511 Thread 0x000001f451750800 Uncommon trap: reason=unstable_if action=reinterpret pc=0x000001f43cffa21c method=java.util.HashMap.getNode(ILjava/lang/Object;)Ljava/util/HashMap$Node; @ 84
Event: 14.512 Thread 0x000001f451750800 Uncommon trap: reason=unstable_if action=reinterpret pc=0x000001f43d453d88 method=java.util.HashMap.putVal(ILjava/lang/Object;Ljava/lang/Object;ZZ)Ljava/lang/Object; @ 109
Event: 14.512 Thread 0x000001f451750800 Uncommon trap: reason=unstable_if action=reinterpret pc=0x000001f43d6c4f6c method=java.util.HashMap.getNode(ILjava/lang/Object;)Ljava/util/HashMap$Node; @ 84
Event: 14.512 Thread 0x000001f451750800 Uncommon trap: reason=unstable_if action=reinterpret pc=0x000001f43d6fa818 method=java.util.HashMap.putVal(ILjava/lang/Object;Ljava/lang/Object;ZZ)Ljava/lang/Object; @ 109
Event: 14.512 Thread 0x000001f451750800 Uncommon trap: reason=unstable_if action=reinterpret pc=0x000001f43cd36dfc method=java.util.HashMap.resize()[Ljava/util/HashMap$Node; @ 206

Classes redefined (0 events):
No events

Internal exceptions (10 events):
Event: 14.719 Thread 0x000001f451750800 Exception <a 'java/lang/ClassNotFoundException': org/gradle/api/internal/ConventionTaskCustomizer> (0x00000000fb86e308) thrown at [C:\jenkins\workspace\8-2-build-windows-amd64-cygwin\jdk8u281\880\hotspot\src\share\vm\classfile\systemDictionary.cpp, line 2
Event: 14.723 Thread 0x000001f451750800 Exception <a 'java/lang/ClassNotFoundException': org/gradle/api/tasks/AbstractCopyTaskCustomizer> (0x00000000fb8b6d18) thrown at [C:\jenkins\workspace\8-2-build-windows-amd64-cygwin\jdk8u281\880\hotspot\src\share\vm\classfile\systemDictionary.cpp, line 21
Event: 14.728 Thread 0x000001f451750800 Exception <a 'java/lang/ClassNotFoundException': org/gradle/api/tasks/CopyCustomizer> (0x00000000fb96e388) thrown at [C:\jenkins\workspace\8-2-build-windows-amd64-cygwin\jdk8u281\880\hotspot\src\share\vm\classfile\systemDictionary.cpp, line 212]
Event: 14.732 Thread 0x000001f451750800 Exception <a 'java/lang/ClassNotFoundException': org/gradle/api/tasks/Copy_DecoratedCustomizer> (0x00000000fb9bebc8) thrown at [C:\jenkins\workspace\8-2-build-windows-amd64-cygwin\jdk8u281\880\hotspot\src\share\vm\classfile\systemDictionary.cpp, line 212]
Event: 14.752 Thread 0x000001f451750800 Exception <a 'java/lang/ClassNotFoundException': org/gradle/api/internal/artifacts/configurations/DefaultConfigurationContainer_DecoratedBeanInfo> (0x00000000fbce2910) thrown at [C:\jenkins\workspace\8-2-build-windows-amd64-cygwin\jdk8u281\880\hotspot\src
Event: 14.756 Thread 0x000001f451750800 Exception <a 'java/lang/ClassNotFoundException': org/gradle/api/internal/artifacts/configurations/DefaultConfigurationContainerBeanInfo> (0x00000000fbd4c5e0) thrown at [C:\jenkins\workspace\8-2-build-windows-amd64-cygwin\jdk8u281\880\hotspot\src\share\vm\
Event: 14.759 Thread 0x000001f451750800 Exception <a 'java/lang/ClassNotFoundException': org/gradle/api/internal/AbstractValidatingNamedDomainObjectContainerBeanInfo> (0x00000000fbd95430) thrown at [C:\jenkins\workspace\8-2-build-windows-amd64-cygwin\jdk8u281\880\hotspot\src\share\vm\classfile\
Event: 14.762 Thread 0x000001f451750800 Exception <a 'java/lang/ClassNotFoundException': org/gradle/api/internal/AbstractValidatingNamedDomainObjectContainerCustomizer> (0x00000000fbddf130) thrown at [C:\jenkins\workspace\8-2-build-windows-amd64-cygwin\jdk8u281\880\hotspot\src\share\vm\classfil
Event: 14.766 Thread 0x000001f451750800 Exception <a 'java/lang/ClassNotFoundException': org/gradle/api/internal/artifacts/configurations/DefaultConfigurationContainerCustomizer> (0x00000000fbe58aa8) thrown at [C:\jenkins\workspace\8-2-build-windows-amd64-cygwin\jdk8u281\880\hotspot\src\share\v
Event: 14.770 Thread 0x000001f451750800 Exception <a 'java/lang/ClassNotFoundException': org/gradle/api/internal/artifacts/configurations/DefaultConfigurationContainer_DecoratedCustomizer> (0x00000000fbee5620) thrown at [C:\jenkins\workspace\8-2-build-windows-amd64-cygwin\jdk8u281\880\hotspot\s

Events (10 events):
Event: 14.770 loading class org/gradle/api/internal/artifacts/configurations/DefaultConfigurationContainer_DecoratedCustomizer
Event: 14.770 loading class org/gradle/api/internal/artifacts/configurations/DefaultConfigurationContainer_DecoratedCustomizer done
Event: 14.773 loading class org/gradle/internal/extensibility/ConventionAwareHelper$MappedPropertyImpl
Event: 14.773 loading class org/gradle/internal/extensibility/ConventionAwareHelper$MappedPropertyImpl done
Event: 14.773 loading class org/gradle/api/internal/ConventionMapping$MappedProperty
Event: 14.773 loading class org/gradle/api/internal/ConventionMapping$MappedProperty done
Event: 14.774 loading class org/gradle/internal/extensibility/ConventionAwareHelper$2
Event: 14.774 loading class org/gradle/internal/extensibility/ConventionAwareHelper$2 done
Event: 14.775 loading class org/gradle/internal/extensibility/ConventionAwareHelper$1
Event: 14.775 loading class org/gradle/internal/extensibility/ConventionAwareHelper$1 done


Dynamic libraries:
0x00007ff7f10d0000 - 0x00007ff7f1117000 	C:\Program Files\Java\jdk\bin\java.exe
0x00007ff8cfdb0000 - 0x00007ff8cffa5000 	C:\Windows\SYSTEM32\ntdll.dll
0x00007ff8cdef0000 - 0x00007ff8cdfad000 	C:\Windows\System32\KERNEL32.DLL
0x00007ff8cd550000 - 0x00007ff8cd818000 	C:\Windows\System32\KERNELBASE.dll
0x00007ff8cee80000 - 0x00007ff8cef2c000 	C:\Windows\System32\ADVAPI32.dll
0x00007ff8cf800000 - 0x00007ff8cf89e000 	C:\Windows\System32\msvcrt.dll
0x00007ff8cf6f0000 - 0x00007ff8cf78b000 	C:\Windows\System32\sechost.dll
0x00007ff8cf950000 - 0x00007ff8cfa7b000 	C:\Windows\System32\RPCRT4.dll
0x00007ff8cf520000 - 0x00007ff8cf6c0000 	C:\Windows\System32\USER32.dll
0x00007ff8cd4f0000 - 0x00007ff8cd512000 	C:\Windows\System32\win32u.dll
0x00007ff8cf020000 - 0x00007ff8cf04a000 	C:\Windows\System32\GDI32.dll
0x00007ff8cdd00000 - 0x00007ff8cde0b000 	C:\Windows\System32\gdi32full.dll
0x00007ff8cda30000 - 0x00007ff8cdacd000 	C:\Windows\System32\msvcp_win.dll
0x00007ff8cd880000 - 0x00007ff8cd980000 	C:\Windows\System32\ucrtbase.dll
0x00007ff8b6650000 - 0x00007ff8b68ea000 	C:\Windows\WinSxS\amd64_microsoft.windows.common-controls_6595b64144ccf1df_6.0.19041.844_none_ca00b6081b84eb1d\COMCTL32.dll
0x00007ff8cf6c0000 - 0x00007ff8cf6f0000 	C:\Windows\System32\IMM32.DLL
0x00007ff8b9cd0000 - 0x00007ff8b9ce5000 	C:\Program Files\Java\jdk\jre\bin\vcruntime140.dll
0x00007ff87fb30000 - 0x00007ff87fbcb000 	C:\Program Files\Java\jdk\jre\bin\msvcp140.dll
0x0000000052c30000 - 0x000000005348f000 	C:\Program Files\Java\jdk\jre\bin\server\jvm.dll
0x00007ff8cf7f0000 - 0x00007ff8cf7f8000 	C:\Windows\System32\PSAPI.DLL
0x00007ff8c8090000 - 0x00007ff8c8099000 	C:\Windows\SYSTEM32\WSOCK32.dll
0x00007ff8c75b0000 - 0x00007ff8c75ba000 	C:\Windows\SYSTEM32\VERSION.dll
0x00007ff8b6de0000 - 0x00007ff8b6e07000 	C:\Windows\SYSTEM32\WINMM.dll
0x00007ff8ced80000 - 0x00007ff8cedeb000 	C:\Windows\System32\WS2_32.dll
0x00007ff8cbe10000 - 0x00007ff8cbe22000 	C:\Windows\SYSTEM32\kernel.appcore.dll
0x00007ff8c7860000 - 0x00007ff8c7870000 	C:\Program Files\Java\jdk\jre\bin\verify.dll
0x00007ff8b96b0000 - 0x00007ff8b96db000 	C:\Program Files\Java\jdk\jre\bin\java.dll
0x00007ff8b9690000 - 0x00007ff8b96a8000 	C:\Program Files\Java\jdk\jre\bin\zip.dll
0x00007ff8ce450000 - 0x00007ff8ceb92000 	C:\Windows\System32\SHELL32.dll
0x00007ff8cb610000 - 0x00007ff8cbda1000 	C:\Windows\SYSTEM32\windows.storage.dll
0x00007ff8ce0f0000 - 0x00007ff8ce445000 	C:\Windows\System32\combase.dll
0x00007ff8cce90000 - 0x00007ff8ccebc000 	C:\Windows\SYSTEM32\Wldp.dll
0x00007ff8cecd0000 - 0x00007ff8ced7e000 	C:\Windows\System32\SHCORE.dll
0x00007ff8cec70000 - 0x00007ff8cecc5000 	C:\Windows\System32\shlwapi.dll
0x00007ff8cd430000 - 0x00007ff8cd44f000 	C:\Windows\SYSTEM32\profapi.dll
0x00007ff8b9670000 - 0x00007ff8b968c000 	C:\Program Files\Java\jdk\jre\bin\net.dll
0x00007ff8ccc00000 - 0x00007ff8ccc6a000 	C:\Windows\system32\mswsock.dll
0x00007ff8a27f0000 - 0x00007ff8a2803000 	C:\Program Files\Java\jdk\jre\bin\nio.dll
0x00007ff8951a0000 - 0x00007ff8951ca000 	C:\Users\Tho Xao Dien\.gradle\native\36\windows-amd64\native-platform.dll
0x00007ff8ac790000 - 0x00007ff8ac79d000 	C:\Program Files\Java\jdk\jre\bin\management.dll
0x00007ff8ccde0000 - 0x00007ff8ccdf8000 	C:\Windows\SYSTEM32\CRYPTSP.dll
0x00007ff8cc5a0000 - 0x00007ff8cc5d4000 	C:\Windows\system32\rsaenh.dll
0x00007ff8cd520000 - 0x00007ff8cd547000 	C:\Windows\System32\bcrypt.dll
0x00007ff8cd3f0000 - 0x00007ff8cd41e000 	C:\Windows\SYSTEM32\USERENV.dll
0x00007ff8cdad0000 - 0x00007ff8cdb50000 	C:\Windows\System32\bcryptprimitives.dll
0x00007ff8ccdd0000 - 0x00007ff8ccddc000 	C:\Windows\SYSTEM32\CRYPTBASE.dll
0x00007ff8cc8f0000 - 0x00007ff8cc92b000 	C:\Windows\SYSTEM32\IPHLPAPI.DLL
0x00007ff8ce0e0000 - 0x00007ff8ce0e8000 	C:\Windows\System32\NSI.dll
0x00007ff8cab00000 - 0x00007ff8cab17000 	C:\Windows\SYSTEM32\dhcpcsvc6.DLL
0x00007ff8caae0000 - 0x00007ff8caafd000 	C:\Windows\SYSTEM32\dhcpcsvc.DLL
0x00007ff8cc930000 - 0x00007ff8cc9fc000 	C:\Windows\SYSTEM32\DNSAPI.dll
0x00007ff8cb330000 - 0x00007ff8cb514000 	C:\Windows\SYSTEM32\dbghelp.dll

VM Arguments:
jvm_args: -XX:MaxMetaspaceSize=256m -XX:+HeapDumpOnOutOfMemoryError -Xms256m -Xmx512m -Dfile.encoding=windows-1252 -Duser.country=US -Duser.language=en -Duser.variant -Xmx512M 
java_command: org.gradle.launcher.daemon.bootstrap.GradleDaemon 6.2
java_class_path (initial): C:\Users\Tho Xao Dien\.gradle\wrapper\dists\gradle-6.2-all\dvufqs6kielxeao781pmk5huj\gradle-6.2\lib\gradle-launcher-6.2.jar
Launcher Type: SUN_STANDARD

Environment Variables:
JAVA_HOME=C:\Program Files\Java\jdk
_JAVA_OPTIONS=-Xmx512M
CLASSPATH=E:\KLTN\mobile_app\TheCoffeeShopMobile\android\\gradle\wrapper\gradle-wrapper.jar
PATH=E:\KLTN\mobile_app\TheCoffeeShopMobile\android\node_modules\.bin;E:\KLTN\mobile_app\TheCoffeeShopMobile\node_modules\.bin;E:\KLTN\mobile_app\node_modules\.bin;E:\KLTN\node_modules\.bin;E:\node_modules\.bin;C:\Program Files\nodejs;E:\KLTN\mobile_app\TheCoffeeShopMobile\node_modules\.bin;C:\Program Files (x86)\Common Files\Oracle\Java\javapath;C:\ProgramData\Anaconda3;C:\ProgramData\Anaconda3\Library\mingw-w64\bin;C:\ProgramData\Anaconda3\Library\usr\bin;C:\ProgramData\Anaconda3\Library\bin;C:\ProgramData\Anaconda3\Scripts;C:\Program Files\Common Files\Oracle\Java\javapath;C:\Windows\system32;C:\Windows;C:\Windows\System32\Wbem;C:\Windows\System32\WindowsPowerShell\v1.0\;C:\Windows\System32\OpenSSH\;C:\Program Files\Microsoft SQL Server\130\Tools\Binn\;C:\Program Files\Microsoft SQL Server\Client SDK\ODBC\170\Tools\Binn\;C:\Program Files\Microsoft SQL Server\Client SDK\ODBC\130\Tools\Binn\;C:\Program Files (x86)\Microsoft SQL Server\140\Tools\Binn\;C:\Program Files\Microsoft SQL Server\140\Tools\Binn\;C:\Program Files\Microsoft SQL Server\140\DTS\Binn\;C:\Program Files (x86)\Microsoft SQL Server\150\DTS\Binn\;E:\Git\cmd;C:\Program Files\nodejs\;C:\Program Files\dotnet\;C:\Program Files\MongoDB\Sever\4.0\bin;C:\Program Files (x86)\dotnet\;C:\Users\Public\Android\Sdk\platform-tools;C:\Users\Tho Xao Dien\AppData\Local\Programs\Python\Python39\Scripts\;C:\Users\Tho Xao Dien\AppData\Local\Programs\Python\Python39\;C:\Program Files\MySQL\MySQL Shell 8.0\bin\;C:\Users\Tho Xao Dien\AppData\Local\Microsoft\WindowsApps;C:\Users\Tho Xao Dien\AppData\Local\Programs\Microsoft VS Code\bin;C:\Users\Tho Xao Dien\AppData\Roaming\npm;C:\Users\Tho Xao Dien\AppData\Roaming\npm\node_modules\angular-cli;C:\Users\Tho Xao Dien\.dotnet\tools;E:\Hugo;C:\Program Files\heroku\bin;C:\Program Files\Java\jdk-15.0.1\bin
USERNAME=Tho Xao Dien
OS=Windows_NT
PROCESSOR_IDENTIFIER=Intel64 Family 6 Model 142 Stepping 11, GenuineIntel



---------------  S Y S T E M  ---------------

OS: Windows 10.0 , 64 bit Build 19041 (10.0.19041.928)

CPU:total 8 (initial active 8) (4 cores per cpu, 2 threads per core) family 6 model 142 stepping 11, cmov, cx8, fxsr, mmx, sse, sse2, sse3, ssse3, sse4.1, sse4.2, popcnt, avx, avx2, aes, clmul, erms, 3dnowpref, lzcnt, ht, tsc, tscinvbit, bmi1, bmi2, adx

Memory: 4k page, physical 8273204k(1813872k free), swap 16661812k(6652k free)

vm_info: Java HotSpot(TM) 64-Bit Server VM (25.281-b09) for windows-amd64 JRE (1.8.0_281-b09), built on Dec  9 2020 13:54:07 by "" with MS VC++ 15.9 (VS2017)

time: Wed May 12 18:16:02 2021
timezone: SE Asia Standard Time
elapsed time: 17.056641 seconds (0d 0h 0m 17s)

